CRITICAL - 2025-03-22 07:53:55 --> CodeIgniter\View\Exceptions\ViewException: Unable to locate view cell class: "App\Cells\ArtikelTerkini".
[Method: GET, Route: about]
in SYSTEMPATH\View\Cell.php on line 189.
 1 SYSTEMPATH\View\Cell.php(189): CodeIgniter\View\Exceptions\ViewException::forInvalidCellClass('App\\Cells\\ArtikelTerkini')
 2 SYSTEMPATH\View\Cell.php(79): CodeIgniter\View\Cell->determineClass('App\\Cells\\ArtikelTerkini:render')
 3 SYSTEMPATH\Common.php(1189): CodeIgniter\View\Cell->render('App\\Cells\\ArtikelTerkini::render', null, 0, null)
 4 APPPATH\Views\layout\main.php(19): view_cell('App\\Cells\\ArtikelTerkini::render')
 5 SYSTEMPATH\View\View.php(224): include('C:\\xampp\\htdocs\\Lab7Web-main\\lab7_php_ci\\app\\Views\\layout\\main.php')
 6 SYSTEMPATH\View\View.php(227): CodeIgniter\View\View->CodeIgniter\View\{closure}()
 7 SYSTEMPATH\View\View.php(240): CodeIgniter\View\View->render('layout/main', [], true)
 8 SYSTEMPATH\Common.php(1173): CodeIgniter\View\View->render('about', [], true)
 9 APPPATH\Controllers\Page.php(7): view('about', [...])
10 SYSTEMPATH\CodeIgniter.php(933): App\Controllers\Page->about()
11 SYSTEMPATH\CodeIgniter.php(507): CodeIgniter\CodeIgniter->runController(Object(App\Controllers\Page))
12 SYSTEMPATH\CodeIgniter.php(354): CodeIgniter\CodeIgniter->handleRequest(null, Object(Config\Cache), false)
13 SYSTEMPATH\Boot.php(334): CodeIgniter\CodeIgniter->run()
14 SYSTEMPATH\Boot.php(67): CodeIgniter\Boot::runCodeIgniter(Object(CodeIgniter\CodeIgniter))
15 FCPATH\index.php(56): CodeIgniter\Boot::bootWeb(Object(Config\Paths))
16 SYSTEMPATH\rewrite.php(44): require_once('C:\\xampp\\htdocs\\Lab7Web-main\\lab7_php_ci\\public\\index.php')
CRITICAL - 2025-03-22 08:07:54 --> CodeIgniter\View\Exceptions\ViewException: Unable to locate view cell class: "App\Cells\ArtikelTerkini".
[Method: GET, Route: about]
in SYSTEMPATH\View\Cell.php on line 189.
 1 SYSTEMPATH\View\Cell.php(189): CodeIgniter\View\Exceptions\ViewException::forInvalidCellClass('App\\Cells\\ArtikelTerkini')
 2 SYSTEMPATH\View\Cell.php(79): CodeIgniter\View\Cell->determineClass('App\\Cells\\ArtikelTerkini:render')
 3 SYSTEMPATH\Common.php(1189): CodeIgniter\View\Cell->render('App\\Cells\\ArtikelTerkini::render', null, 0, null)
 4 APPPATH\Views\layout\main.php(19): view_cell('App\\Cells\\ArtikelTerkini::render')
 5 SYSTEMPATH\View\View.php(224): include('C:\\xampp\\htdocs\\Lab7Web-main\\lab7_php_ci\\app\\Views\\layout\\main.php')
 6 SYSTEMPATH\View\View.php(227): CodeIgniter\View\View->CodeIgniter\View\{closure}()
 7 SYSTEMPATH\View\View.php(240): CodeIgniter\View\View->render('layout/main', [], true)
 8 SYSTEMPATH\Common.php(1173): CodeIgniter\View\View->render('about', [], true)
 9 APPPATH\Controllers\Page.php(7): view('about', [...])
10 SYSTEMPATH\CodeIgniter.php(933): App\Controllers\Page->about()
11 SYSTEMPATH\CodeIgniter.php(507): CodeIgniter\CodeIgniter->runController(Object(App\Controllers\Page))
12 SYSTEMPATH\CodeIgniter.php(354): CodeIgniter\CodeIgniter->handleRequest(null, Object(Config\Cache), false)
13 SYSTEMPATH\Boot.php(334): CodeIgniter\CodeIgniter->run()
14 SYSTEMPATH\Boot.php(67): CodeIgniter\Boot::runCodeIgniter(Object(CodeIgniter\CodeIgniter))
15 FCPATH\index.php(56): CodeIgniter\Boot::bootWeb(Object(Config\Paths))
16 SYSTEMPATH\rewrite.php(44): require_once('C:\\xampp\\htdocs\\Lab7Web-main\\lab7_php_ci\\public\\index.php')
CRITICAL - 2025-03-22 08:07:54 --> CodeIgniter\View\Exceptions\ViewException: Unable to locate view cell class: "App\Cells\ArtikelTerkini".
[Method: GET, Route: about]
in SYSTEMPATH\View\Cell.php on line 189.
 1 SYSTEMPATH\View\Cell.php(189): CodeIgniter\View\Exceptions\ViewException::forInvalidCellClass('App\\Cells\\ArtikelTerkini')
 2 SYSTEMPATH\View\Cell.php(79): CodeIgniter\View\Cell->determineClass('App\\Cells\\ArtikelTerkini:render')
 3 SYSTEMPATH\Common.php(1189): CodeIgniter\View\Cell->render('App\\Cells\\ArtikelTerkini::render', null, 0, null)
 4 APPPATH\Views\layout\main.php(19): view_cell('App\\Cells\\ArtikelTerkini::render')
 5 SYSTEMPATH\View\View.php(224): include('C:\\xampp\\htdocs\\Lab7Web-main\\lab7_php_ci\\app\\Views\\layout\\main.php')
 6 SYSTEMPATH\View\View.php(227): CodeIgniter\View\View->CodeIgniter\View\{closure}()
 7 SYSTEMPATH\View\View.php(240): CodeIgniter\View\View->render('layout/main', [], true)
 8 SYSTEMPATH\Common.php(1173): CodeIgniter\View\View->render('about', [], true)
 9 APPPATH\Controllers\Page.php(7): view('about', [...])
10 SYSTEMPATH\CodeIgniter.php(933): App\Controllers\Page->about()
11 SYSTEMPATH\CodeIgniter.php(507): CodeIgniter\CodeIgniter->runController(Object(App\Controllers\Page))
12 SYSTEMPATH\CodeIgniter.php(354): CodeIgniter\CodeIgniter->handleRequest(null, Object(Config\Cache), false)
13 SYSTEMPATH\Boot.php(334): CodeIgniter\CodeIgniter->run()
14 SYSTEMPATH\Boot.php(67): CodeIgniter\Boot::runCodeIgniter(Object(CodeIgniter\CodeIgniter))
15 FCPATH\index.php(56): CodeIgniter\Boot::bootWeb(Object(Config\Paths))
16 SYSTEMPATH\rewrite.php(44): require_once('C:\\xampp\\htdocs\\Lab7Web-main\\lab7_php_ci\\public\\index.php')
CRITICAL - 2025-03-22 08:07:56 --> CodeIgniter\View\Exceptions\ViewException: Unable to locate view cell class: "App\Cells\ArtikelTerkini".
[Method: GET, Route: about]
in SYSTEMPATH\View\Cell.php on line 189.
 1 SYSTEMPATH\View\Cell.php(189): CodeIgniter\View\Exceptions\ViewException::forInvalidCellClass('App\\Cells\\ArtikelTerkini')
 2 SYSTEMPATH\View\Cell.php(79): CodeIgniter\View\Cell->determineClass('App\\Cells\\ArtikelTerkini:render')
 3 SYSTEMPATH\Common.php(1189): CodeIgniter\View\Cell->render('App\\Cells\\ArtikelTerkini::render', null, 0, null)
 4 APPPATH\Views\layout\main.php(19): view_cell('App\\Cells\\ArtikelTerkini::render')
 5 SYSTEMPATH\View\View.php(224): include('C:\\xampp\\htdocs\\Lab7Web-main\\lab7_php_ci\\app\\Views\\layout\\main.php')
 6 SYSTEMPATH\View\View.php(227): CodeIgniter\View\View->CodeIgniter\View\{closure}()
 7 SYSTEMPATH\View\View.php(240): CodeIgniter\View\View->render('layout/main', [], true)
 8 SYSTEMPATH\Common.php(1173): CodeIgniter\View\View->render('about', [], true)
 9 APPPATH\Controllers\Page.php(7): view('about', [...])
10 SYSTEMPATH\CodeIgniter.php(933): App\Controllers\Page->about()
11 SYSTEMPATH\CodeIgniter.php(507): CodeIgniter\CodeIgniter->runController(Object(App\Controllers\Page))
12 SYSTEMPATH\CodeIgniter.php(354): CodeIgniter\CodeIgniter->handleRequest(null, Object(Config\Cache), false)
13 SYSTEMPATH\Boot.php(334): CodeIgniter\CodeIgniter->run()
14 SYSTEMPATH\Boot.php(67): CodeIgniter\Boot::runCodeIgniter(Object(CodeIgniter\CodeIgniter))
15 FCPATH\index.php(56): CodeIgniter\Boot::bootWeb(Object(Config\Paths))
16 SYSTEMPATH\rewrite.php(44): require_once('C:\\xampp\\htdocs\\Lab7Web-main\\lab7_php_ci\\public\\index.php')
CRITICAL - 2025-03-22 08:08:11 --> ErrorException: Declaration of App\Cells\ArtikelTerkini::render() must be compatible with CodeIgniter\View\Cell::render(string $library, $params = null, int $ttl = 0, ?string $cacheName = null): string
[Method: GET, Route: about]
in APPPATH\Cells\ArtikelTerkini.php on line 6.
 1 [internal function]: CodeIgniter\Debug\Exceptions->shutdownHandler()
CRITICAL - 2025-03-22 08:18:42 --> ErrorException: Declaration of App\Cells\ArtikelTerkini::render(string $library, $params = null, int $ttl = 0, ?string $cacheName = null) must be compatible with CodeIgniter\View\Cell::render(string $library, $params = null, int $ttl = 0, ?string $cacheName = null): string
[Method: GET, Route: about]
in APPPATH\Cells\ArtikelTerkini.php on line 9.
 1 [internal function]: CodeIgniter\Debug\Exceptions->shutdownHandler()
CRITICAL - 2025-03-22 08:27:17 --> ParseError: syntax error, unexpected end of file, expecting identifier
[Method: GET, Route: about]
in APPPATH\Config\View.php on line 64.
 1 SYSTEMPATH\Autoloader\Autoloader.php(295): CodeIgniter\Autoloader\Autoloader->includeFile('C:\\xampp\\htdocs\\Lab7Web-main\\lab7_php_ci\\app\\Config\\View.php')
 2 SYSTEMPATH\Autoloader\Autoloader.php(271): CodeIgniter\Autoloader\Autoloader->loadInNamespace('Config\\View')
 3 [internal function]: CodeIgniter\Autoloader\Autoloader->loadClass('Config\\View')
 4 SYSTEMPATH\Config\Factories.php(297): class_exists('Config\\View')
 5 SYSTEMPATH\Config\Factories.php(216): CodeIgniter\Config\Factories::locateClass([...], 'Config\\View')
 6 SYSTEMPATH\Config\Factories.php(159): CodeIgniter\Config\Factories::getDefinedInstance([...], 'Config\\View', [])
 7 SYSTEMPATH\Config\Factories.php(188): CodeIgniter\Config\Factories::__callStatic('config', [])
 8 SYSTEMPATH\Common.php(210): CodeIgniter\Config\Factories::get('config', 'Config\\View')
 9 SYSTEMPATH\Config\Services.php(507): config('Config\\View')
10 SYSTEMPATH\Config\BaseService.php(312): CodeIgniter\Config\Services::renderer('C:\\xampp\\htdocs\\Lab7Web-main\\lab7_php_ci\\app\\Config/../Views', null, false)
11 SYSTEMPATH\Config\BaseService.php(251): CodeIgniter\Config\BaseService::__callStatic('renderer', [...])
12 SYSTEMPATH\Config\Services.php(503): CodeIgniter\Config\BaseService::getSharedInstance('renderer', null, null)
13 SYSTEMPATH\Config\BaseService.php(321): CodeIgniter\Config\Services::renderer()
14 SYSTEMPATH\Config\BaseService.php(202): CodeIgniter\Config\BaseService::__callStatic('renderer', [])
15 SYSTEMPATH\Common.php(1000): CodeIgniter\Config\BaseService::get('renderer')
16 SYSTEMPATH\Common.php(1163): service('renderer')
17 APPPATH\Controllers\Page.php(7): view('about', [...])
18 SYSTEMPATH\CodeIgniter.php(933): App\Controllers\Page->about()
19 SYSTEMPATH\CodeIgniter.php(507): CodeIgniter\CodeIgniter->runController(Object(App\Controllers\Page))
20 SYSTEMPATH\CodeIgniter.php(354): CodeIgniter\CodeIgniter->handleRequest(null, Object(Config\Cache), false)
21 SYSTEMPATH\Boot.php(334): CodeIgniter\CodeIgniter->run()
22 SYSTEMPATH\Boot.php(67): CodeIgniter\Boot::runCodeIgniter(Object(CodeIgniter\CodeIgniter))
23 FCPATH\index.php(56): CodeIgniter\Boot::bootWeb(Object(Config\Paths))
24 SYSTEMPATH\rewrite.php(44): require_once('C:\\xampp\\htdocs\\Lab7Web-main\\lab7_php_ci\\public\\index.php')
CRITICAL - 2025-03-22 08:27:34 --> Error: Call to undefined method CodeIgniter\View\View::cell()
[Method: GET, Route: about]
in APPPATH\Views\layout\main.php on line 19.
 1 SYSTEMPATH\View\View.php(224): include()
 2 SYSTEMPATH\View\View.php(227): CodeIgniter\View\View->CodeIgniter\View\{closure}()
 3 SYSTEMPATH\View\View.php(240): CodeIgniter\View\View->render('layout/main', [], true)
 4 SYSTEMPATH\Common.php(1173): CodeIgniter\View\View->render('about', [], true)
 5 APPPATH\Controllers\Page.php(7): view('about', [...])
 6 SYSTEMPATH\CodeIgniter.php(933): App\Controllers\Page->about()
 7 SYSTEMPATH\CodeIgniter.php(507): CodeIgniter\CodeIgniter->runController(Object(App\Controllers\Page))
 8 SYSTEMPATH\CodeIgniter.php(354): CodeIgniter\CodeIgniter->handleRequest(null, Object(Config\Cache), false)
 9 SYSTEMPATH\Boot.php(334): CodeIgniter\CodeIgniter->run()
10 SYSTEMPATH\Boot.php(67): CodeIgniter\Boot::runCodeIgniter(Object(CodeIgniter\CodeIgniter))
11 FCPATH\index.php(56): CodeIgniter\Boot::bootWeb(Object(Config\Paths))
12 SYSTEMPATH\rewrite.php(44): require_once('C:\\xampp\\htdocs\\Lab7Web-main\\lab7_php_ci\\public\\index.php')
CRITICAL - 2025-03-22 08:28:41 --> ErrorException: Declaration of App\Cells\ArtikelTerkini::render(string $library, $params = null, int $ttl = 0, ?string $cacheName = null) must be compatible with CodeIgniter\View\Cell::render(string $library, $params = null, int $ttl = 0, ?string $cacheName = null): string
[Method: GET, Route: about]
in APPPATH\Cells\ArtikelTerkini.php on line 9.
 1 [internal function]: CodeIgniter\Debug\Exceptions->shutdownHandler()
CRITICAL - 2025-03-22 08:30:12 --> ErrorException: Declaration of App\Cells\ArtikelTerkini::render(string $library, $params = null, int $ttl = 0, ?string $cacheName = null) must be compatible with CodeIgniter\View\Cell::render(string $library, $params = null, int $ttl = 0, ?string $cacheName = null): string
[Method: GET, Route: about]
in APPPATH\Cells\ArtikelTerkini.php on line 9.
 1 [internal function]: CodeIgniter\Debug\Exceptions->shutdownHandler()
CRITICAL - 2025-03-22 08:32:23 --> ErrorException: Declaration of App\Cells\ArtikelTerkini::render(string $library, $params = null, int $ttl = 0, ?string $cacheName = null) must be compatible with CodeIgniter\View\Cell::render(string $library, $params = null, int $ttl = 0, ?string $cacheName = null): string
[Method: GET, Route: about]
in APPPATH\Cells\ArtikelTerkini.php on line 9.
 1 [internal function]: CodeIgniter\Debug\Exceptions->shutdownHandler()
CRITICAL - 2025-03-22 08:32:27 --> ErrorException: Declaration of App\Cells\ArtikelTerkini::render(string $library, $params = null, int $ttl = 0, ?string $cacheName = null) must be compatible with CodeIgniter\View\Cell::render(string $library, $params = null, int $ttl = 0, ?string $cacheName = null): string
[Method: GET, Route: about]
in APPPATH\Cells\ArtikelTerkini.php on line 9.
 1 [internal function]: CodeIgniter\Debug\Exceptions->shutdownHandler()
CRITICAL - 2025-03-22 08:32:32 --> ErrorException: Declaration of App\Cells\ArtikelTerkini::render(string $library, $params = null, int $ttl = 0, ?string $cacheName = null) must be compatible with CodeIgniter\View\Cell::render(string $library, $params = null, int $ttl = 0, ?string $cacheName = null): string
[Method: GET, Route: about]
in APPPATH\Cells\ArtikelTerkini.php on line 9.
 1 [internal function]: CodeIgniter\Debug\Exceptions->shutdownHandler()
ERROR - 2025-03-22 08:32:35 --> Error connecting to the database: mysqli_sql_exception: Unknown database 'lab_ci4' in C:\xampp\htdocs\Lab7Web-main\lab7_php_ci\system\Database\MySQLi\Connection.php:201
Stack trace:
#0 C:\xampp\htdocs\Lab7Web-main\lab7_php_ci\system\Database\MySQLi\Connection.php(201): mysqli->real_connect('localhost', 'root', Object(SensitiveParameterValue), 'lab_ci4', 3306, '', 0)
#1 C:\xampp\htdocs\Lab7Web-main\lab7_php_ci\system\Database\BaseConnection.php(421): CodeIgniter\Database\MySQLi\Connection->connect(false)
#2 C:\xampp\htdocs\Lab7Web-main\lab7_php_ci\system\Database\BaseConnection.php(620): CodeIgniter\Database\BaseConnection->initialize()
#3 C:\xampp\htdocs\Lab7Web-main\lab7_php_ci\system\Database\BaseBuilder.php(1649): CodeIgniter\Database\BaseConnection->query('SELECT *\nFROM `...', Array, false)
#4 C:\xampp\htdocs\Lab7Web-main\lab7_php_ci\system\Model.php(286): CodeIgniter\Database\BaseBuilder->get()
#5 C:\xampp\htdocs\Lab7Web-main\lab7_php_ci\system\BaseModel.php(675): CodeIgniter\Model->doFindAll(0, 0)
#6 C:\xampp\htdocs\Lab7Web-main\lab7_php_ci\app\Controllers\Artikel.php(13): CodeIgniter\BaseModel->findAll()
#7 C:\xampp\htdocs\Lab7Web-main\lab7_php_ci\system\CodeIgniter.php(933): App\Controllers\Artikel->index()
#8 C:\xampp\htdocs\Lab7Web-main\lab7_php_ci\system\CodeIgniter.php(507): CodeIgniter\CodeIgniter->runController(Object(App\Controllers\Artikel))
#9 C:\xampp\htdocs\Lab7Web-main\lab7_php_ci\system\CodeIgniter.php(354): CodeIgniter\CodeIgniter->handleRequest(NULL, Object(Config\Cache), false)
#10 C:\xampp\htdocs\Lab7Web-main\lab7_php_ci\system\Boot.php(334): CodeIgniter\CodeIgniter->run()
#11 C:\xampp\htdocs\Lab7Web-main\lab7_php_ci\system\Boot.php(67): CodeIgniter\Boot::runCodeIgniter(Object(CodeIgniter\CodeIgniter))
#12 C:\xampp\htdocs\Lab7Web-main\lab7_php_ci\public\index.php(56): CodeIgniter\Boot::bootWeb(Object(Config\Paths))
#13 C:\xampp\htdocs\Lab7Web-main\lab7_php_ci\system\rewrite.php(44): require_once('C:\\xampp\\htdocs...')
#14 {main}

Next CodeIgniter\Database\Exceptions\DatabaseException: Unknown database 'lab_ci4' in C:\xampp\htdocs\Lab7Web-main\lab7_php_ci\system\Database\MySQLi\Connection.php:246
Stack trace:
#0 C:\xampp\htdocs\Lab7Web-main\lab7_php_ci\system\Database\BaseConnection.php(421): CodeIgniter\Database\MySQLi\Connection->connect(false)
#1 C:\xampp\htdocs\Lab7Web-main\lab7_php_ci\system\Database\BaseConnection.php(620): CodeIgniter\Database\BaseConnection->initialize()
#2 C:\xampp\htdocs\Lab7Web-main\lab7_php_ci\system\Database\BaseBuilder.php(1649): CodeIgniter\Database\BaseConnection->query('SELECT *\nFROM `...', Array, false)
#3 C:\xampp\htdocs\Lab7Web-main\lab7_php_ci\system\Model.php(286): CodeIgniter\Database\BaseBuilder->get()
#4 C:\xampp\htdocs\Lab7Web-main\lab7_php_ci\system\BaseModel.php(675): CodeIgniter\Model->doFindAll(0, 0)
#5 C:\xampp\htdocs\Lab7Web-main\lab7_php_ci\app\Controllers\Artikel.php(13): CodeIgniter\BaseModel->findAll()
#6 C:\xampp\htdocs\Lab7Web-main\lab7_php_ci\system\CodeIgniter.php(933): App\Controllers\Artikel->index()
#7 C:\xampp\htdocs\Lab7Web-main\lab7_php_ci\system\CodeIgniter.php(507): CodeIgniter\CodeIgniter->runController(Object(App\Controllers\Artikel))
#8 C:\xampp\htdocs\Lab7Web-main\lab7_php_ci\system\CodeIgniter.php(354): CodeIgniter\CodeIgniter->handleRequest(NULL, Object(Config\Cache), false)
#9 C:\xampp\htdocs\Lab7Web-main\lab7_php_ci\system\Boot.php(334): CodeIgniter\CodeIgniter->run()
#10 C:\xampp\htdocs\Lab7Web-main\lab7_php_ci\system\Boot.php(67): CodeIgniter\Boot::runCodeIgniter(Object(CodeIgniter\CodeIgniter))
#11 C:\xampp\htdocs\Lab7Web-main\lab7_php_ci\public\index.php(56): CodeIgniter\Boot::bootWeb(Object(Config\Paths))
#12 C:\xampp\htdocs\Lab7Web-main\lab7_php_ci\system\rewrite.php(44): require_once('C:\\xampp\\htdocs...')
#13 {main}
CRITICAL - 2025-03-22 08:32:35 --> CodeIgniter\Database\Exceptions\DatabaseException: Unable to connect to the database.
Main connection [MySQLi]: Unknown database 'lab_ci4'
[Method: GET, Route: artikel/index]
in SYSTEMPATH\Database\BaseConnection.php on line 467.
 1 SYSTEMPATH\Database\BaseConnection.php(620): CodeIgniter\Database\BaseConnection->initialize()
 2 SYSTEMPATH\Database\BaseBuilder.php(1649): CodeIgniter\Database\BaseConnection->query('SELECT *
FROM `artikel`', [], false)
 3 SYSTEMPATH\Model.php(286): CodeIgniter\Database\BaseBuilder->get()
 4 SYSTEMPATH\BaseModel.php(675): CodeIgniter\Model->doFindAll(0, 0)
 5 APPPATH\Controllers\Artikel.php(13): CodeIgniter\BaseModel->findAll()
 6 SYSTEMPATH\CodeIgniter.php(933): App\Controllers\Artikel->index()
 7 SYSTEMPATH\CodeIgniter.php(507): CodeIgniter\CodeIgniter->runController(Object(App\Controllers\Artikel))
 8 SYSTEMPATH\CodeIgniter.php(354): CodeIgniter\CodeIgniter->handleRequest(null, Object(Config\Cache), false)
 9 SYSTEMPATH\Boot.php(334): CodeIgniter\CodeIgniter->run()
10 SYSTEMPATH\Boot.php(67): CodeIgniter\Boot::runCodeIgniter(Object(CodeIgniter\CodeIgniter))
11 FCPATH\index.php(56): CodeIgniter\Boot::bootWeb(Object(Config\Paths))
12 SYSTEMPATH\rewrite.php(44): require_once('C:\\xampp\\htdocs\\Lab7Web-main\\lab7_php_ci\\public\\index.php')
ERROR - 2025-03-22 08:32:47 --> Error connecting to the database: mysqli_sql_exception: Unknown database 'lab_ci4' in C:\xampp\htdocs\Lab7Web-main\lab7_php_ci\system\Database\MySQLi\Connection.php:201
Stack trace:
#0 C:\xampp\htdocs\Lab7Web-main\lab7_php_ci\system\Database\MySQLi\Connection.php(201): mysqli->real_connect('localhost', 'root', Object(SensitiveParameterValue), 'lab_ci4', 3306, '', 0)
#1 C:\xampp\htdocs\Lab7Web-main\lab7_php_ci\system\Database\BaseConnection.php(421): CodeIgniter\Database\MySQLi\Connection->connect(false)
#2 C:\xampp\htdocs\Lab7Web-main\lab7_php_ci\system\Database\BaseConnection.php(620): CodeIgniter\Database\BaseConnection->initialize()
#3 C:\xampp\htdocs\Lab7Web-main\lab7_php_ci\system\Database\BaseBuilder.php(1649): CodeIgniter\Database\BaseConnection->query('SELECT *\nFROM `...', Array, false)
#4 C:\xampp\htdocs\Lab7Web-main\lab7_php_ci\system\Model.php(286): CodeIgniter\Database\BaseBuilder->get()
#5 C:\xampp\htdocs\Lab7Web-main\lab7_php_ci\system\BaseModel.php(675): CodeIgniter\Model->doFindAll(0, 0)
#6 C:\xampp\htdocs\Lab7Web-main\lab7_php_ci\app\Controllers\Artikel.php(13): CodeIgniter\BaseModel->findAll()
#7 C:\xampp\htdocs\Lab7Web-main\lab7_php_ci\system\CodeIgniter.php(933): App\Controllers\Artikel->index()
#8 C:\xampp\htdocs\Lab7Web-main\lab7_php_ci\system\CodeIgniter.php(507): CodeIgniter\CodeIgniter->runController(Object(App\Controllers\Artikel))
#9 C:\xampp\htdocs\Lab7Web-main\lab7_php_ci\system\CodeIgniter.php(354): CodeIgniter\CodeIgniter->handleRequest(NULL, Object(Config\Cache), false)
#10 C:\xampp\htdocs\Lab7Web-main\lab7_php_ci\system\Boot.php(334): CodeIgniter\CodeIgniter->run()
#11 C:\xampp\htdocs\Lab7Web-main\lab7_php_ci\system\Boot.php(67): CodeIgniter\Boot::runCodeIgniter(Object(CodeIgniter\CodeIgniter))
#12 C:\xampp\htdocs\Lab7Web-main\lab7_php_ci\public\index.php(56): CodeIgniter\Boot::bootWeb(Object(Config\Paths))
#13 C:\xampp\htdocs\Lab7Web-main\lab7_php_ci\system\rewrite.php(44): require_once('C:\\xampp\\htdocs...')
#14 {main}

Next CodeIgniter\Database\Exceptions\DatabaseException: Unknown database 'lab_ci4' in C:\xampp\htdocs\Lab7Web-main\lab7_php_ci\system\Database\MySQLi\Connection.php:246
Stack trace:
#0 C:\xampp\htdocs\Lab7Web-main\lab7_php_ci\system\Database\BaseConnection.php(421): CodeIgniter\Database\MySQLi\Connection->connect(false)
#1 C:\xampp\htdocs\Lab7Web-main\lab7_php_ci\system\Database\BaseConnection.php(620): CodeIgniter\Database\BaseConnection->initialize()
#2 C:\xampp\htdocs\Lab7Web-main\lab7_php_ci\system\Database\BaseBuilder.php(1649): CodeIgniter\Database\BaseConnection->query('SELECT *\nFROM `...', Array, false)
#3 C:\xampp\htdocs\Lab7Web-main\lab7_php_ci\system\Model.php(286): CodeIgniter\Database\BaseBuilder->get()
#4 C:\xampp\htdocs\Lab7Web-main\lab7_php_ci\system\BaseModel.php(675): CodeIgniter\Model->doFindAll(0, 0)
#5 C:\xampp\htdocs\Lab7Web-main\lab7_php_ci\app\Controllers\Artikel.php(13): CodeIgniter\BaseModel->findAll()
#6 C:\xampp\htdocs\Lab7Web-main\lab7_php_ci\system\CodeIgniter.php(933): App\Controllers\Artikel->index()
#7 C:\xampp\htdocs\Lab7Web-main\lab7_php_ci\system\CodeIgniter.php(507): CodeIgniter\CodeIgniter->runController(Object(App\Controllers\Artikel))
#8 C:\xampp\htdocs\Lab7Web-main\lab7_php_ci\system\CodeIgniter.php(354): CodeIgniter\CodeIgniter->handleRequest(NULL, Object(Config\Cache), false)
#9 C:\xampp\htdocs\Lab7Web-main\lab7_php_ci\system\Boot.php(334): CodeIgniter\CodeIgniter->run()
#10 C:\xampp\htdocs\Lab7Web-main\lab7_php_ci\system\Boot.php(67): CodeIgniter\Boot::runCodeIgniter(Object(CodeIgniter\CodeIgniter))
#11 C:\xampp\htdocs\Lab7Web-main\lab7_php_ci\public\index.php(56): CodeIgniter\Boot::bootWeb(Object(Config\Paths))
#12 C:\xampp\htdocs\Lab7Web-main\lab7_php_ci\system\rewrite.php(44): require_once('C:\\xampp\\htdocs...')
#13 {main}
CRITICAL - 2025-03-22 08:32:47 --> CodeIgniter\Database\Exceptions\DatabaseException: Unable to connect to the database.
Main connection [MySQLi]: Unknown database 'lab_ci4'
[Method: GET, Route: artikel/index]
in SYSTEMPATH\Database\BaseConnection.php on line 467.
 1 SYSTEMPATH\Database\BaseConnection.php(620): CodeIgniter\Database\BaseConnection->initialize()
 2 SYSTEMPATH\Database\BaseBuilder.php(1649): CodeIgniter\Database\BaseConnection->query('SELECT *
FROM `artikel`', [], false)
 3 SYSTEMPATH\Model.php(286): CodeIgniter\Database\BaseBuilder->get()
 4 SYSTEMPATH\BaseModel.php(675): CodeIgniter\Model->doFindAll(0, 0)
 5 APPPATH\Controllers\Artikel.php(13): CodeIgniter\BaseModel->findAll()
 6 SYSTEMPATH\CodeIgniter.php(933): App\Controllers\Artikel->index()
 7 SYSTEMPATH\CodeIgniter.php(507): CodeIgniter\CodeIgniter->runController(Object(App\Controllers\Artikel))
 8 SYSTEMPATH\CodeIgniter.php(354): CodeIgniter\CodeIgniter->handleRequest(null, Object(Config\Cache), false)
 9 SYSTEMPATH\Boot.php(334): CodeIgniter\CodeIgniter->run()
10 SYSTEMPATH\Boot.php(67): CodeIgniter\Boot::runCodeIgniter(Object(CodeIgniter\CodeIgniter))
11 FCPATH\index.php(56): CodeIgniter\Boot::bootWeb(Object(Config\Paths))
12 SYSTEMPATH\rewrite.php(44): require_once('C:\\xampp\\htdocs\\Lab7Web-main\\lab7_php_ci\\public\\index.php')
CRITICAL - 2025-03-22 08:32:52 --> ErrorException: Declaration of App\Cells\ArtikelTerkini::render(string $library, $params = null, int $ttl = 0, ?string $cacheName = null) must be compatible with CodeIgniter\View\Cell::render(string $library, $params = null, int $ttl = 0, ?string $cacheName = null): string
[Method: GET, Route: about]
in APPPATH\Cells\ArtikelTerkini.php on line 9.
 1 [internal function]: CodeIgniter\Debug\Exceptions->shutdownHandler()
CRITICAL - 2025-03-22 08:32:57 --> ErrorException: Declaration of App\Cells\ArtikelTerkini::render(string $library, $params = null, int $ttl = 0, ?string $cacheName = null) must be compatible with CodeIgniter\View\Cell::render(string $library, $params = null, int $ttl = 0, ?string $cacheName = null): string
[Method: GET, Route: about]
in APPPATH\Cells\ArtikelTerkini.php on line 9.
 1 [internal function]: CodeIgniter\Debug\Exceptions->shutdownHandler()
ERROR - 2025-03-22 08:33:01 --> Error connecting to the database: mysqli_sql_exception: Unknown database 'lab_ci4' in C:\xampp\htdocs\Lab7Web-main\lab7_php_ci\system\Database\MySQLi\Connection.php:201
Stack trace:
#0 C:\xampp\htdocs\Lab7Web-main\lab7_php_ci\system\Database\MySQLi\Connection.php(201): mysqli->real_connect('localhost', 'root', Object(SensitiveParameterValue), 'lab_ci4', 3306, '', 0)
#1 C:\xampp\htdocs\Lab7Web-main\lab7_php_ci\system\Database\BaseConnection.php(421): CodeIgniter\Database\MySQLi\Connection->connect(false)
#2 C:\xampp\htdocs\Lab7Web-main\lab7_php_ci\system\Database\BaseConnection.php(620): CodeIgniter\Database\BaseConnection->initialize()
#3 C:\xampp\htdocs\Lab7Web-main\lab7_php_ci\system\Database\BaseBuilder.php(1649): CodeIgniter\Database\BaseConnection->query('SELECT *\nFROM `...', Array, false)
#4 C:\xampp\htdocs\Lab7Web-main\lab7_php_ci\system\Model.php(286): CodeIgniter\Database\BaseBuilder->get()
#5 C:\xampp\htdocs\Lab7Web-main\lab7_php_ci\system\BaseModel.php(675): CodeIgniter\Model->doFindAll(0, 0)
#6 C:\xampp\htdocs\Lab7Web-main\lab7_php_ci\app\Controllers\Artikel.php(13): CodeIgniter\BaseModel->findAll()
#7 C:\xampp\htdocs\Lab7Web-main\lab7_php_ci\system\CodeIgniter.php(933): App\Controllers\Artikel->index()
#8 C:\xampp\htdocs\Lab7Web-main\lab7_php_ci\system\CodeIgniter.php(507): CodeIgniter\CodeIgniter->runController(Object(App\Controllers\Artikel))
#9 C:\xampp\htdocs\Lab7Web-main\lab7_php_ci\system\CodeIgniter.php(354): CodeIgniter\CodeIgniter->handleRequest(NULL, Object(Config\Cache), false)
#10 C:\xampp\htdocs\Lab7Web-main\lab7_php_ci\system\Boot.php(334): CodeIgniter\CodeIgniter->run()
#11 C:\xampp\htdocs\Lab7Web-main\lab7_php_ci\system\Boot.php(67): CodeIgniter\Boot::runCodeIgniter(Object(CodeIgniter\CodeIgniter))
#12 C:\xampp\htdocs\Lab7Web-main\lab7_php_ci\public\index.php(56): CodeIgniter\Boot::bootWeb(Object(Config\Paths))
#13 C:\xampp\htdocs\Lab7Web-main\lab7_php_ci\system\rewrite.php(44): require_once('C:\\xampp\\htdocs...')
#14 {main}

Next CodeIgniter\Database\Exceptions\DatabaseException: Unknown database 'lab_ci4' in C:\xampp\htdocs\Lab7Web-main\lab7_php_ci\system\Database\MySQLi\Connection.php:246
Stack trace:
#0 C:\xampp\htdocs\Lab7Web-main\lab7_php_ci\system\Database\BaseConnection.php(421): CodeIgniter\Database\MySQLi\Connection->connect(false)
#1 C:\xampp\htdocs\Lab7Web-main\lab7_php_ci\system\Database\BaseConnection.php(620): CodeIgniter\Database\BaseConnection->initialize()
#2 C:\xampp\htdocs\Lab7Web-main\lab7_php_ci\system\Database\BaseBuilder.php(1649): CodeIgniter\Database\BaseConnection->query('SELECT *\nFROM `...', Array, false)
#3 C:\xampp\htdocs\Lab7Web-main\lab7_php_ci\system\Model.php(286): CodeIgniter\Database\BaseBuilder->get()
#4 C:\xampp\htdocs\Lab7Web-main\lab7_php_ci\system\BaseModel.php(675): CodeIgniter\Model->doFindAll(0, 0)
#5 C:\xampp\htdocs\Lab7Web-main\lab7_php_ci\app\Controllers\Artikel.php(13): CodeIgniter\BaseModel->findAll()
#6 C:\xampp\htdocs\Lab7Web-main\lab7_php_ci\system\CodeIgniter.php(933): App\Controllers\Artikel->index()
#7 C:\xampp\htdocs\Lab7Web-main\lab7_php_ci\system\CodeIgniter.php(507): CodeIgniter\CodeIgniter->runController(Object(App\Controllers\Artikel))
#8 C:\xampp\htdocs\Lab7Web-main\lab7_php_ci\system\CodeIgniter.php(354): CodeIgniter\CodeIgniter->handleRequest(NULL, Object(Config\Cache), false)
#9 C:\xampp\htdocs\Lab7Web-main\lab7_php_ci\system\Boot.php(334): CodeIgniter\CodeIgniter->run()
#10 C:\xampp\htdocs\Lab7Web-main\lab7_php_ci\system\Boot.php(67): CodeIgniter\Boot::runCodeIgniter(Object(CodeIgniter\CodeIgniter))
#11 C:\xampp\htdocs\Lab7Web-main\lab7_php_ci\public\index.php(56): CodeIgniter\Boot::bootWeb(Object(Config\Paths))
#12 C:\xampp\htdocs\Lab7Web-main\lab7_php_ci\system\rewrite.php(44): require_once('C:\\xampp\\htdocs...')
#13 {main}
CRITICAL - 2025-03-22 08:33:01 --> CodeIgniter\Database\Exceptions\DatabaseException: Unable to connect to the database.
Main connection [MySQLi]: Unknown database 'lab_ci4'
[Method: GET, Route: artikel/index]
in SYSTEMPATH\Database\BaseConnection.php on line 467.
 1 SYSTEMPATH\Database\BaseConnection.php(620): CodeIgniter\Database\BaseConnection->initialize()
 2 SYSTEMPATH\Database\BaseBuilder.php(1649): CodeIgniter\Database\BaseConnection->query('SELECT *
FROM `artikel`', [], false)
 3 SYSTEMPATH\Model.php(286): CodeIgniter\Database\BaseBuilder->get()
 4 SYSTEMPATH\BaseModel.php(675): CodeIgniter\Model->doFindAll(0, 0)
 5 APPPATH\Controllers\Artikel.php(13): CodeIgniter\BaseModel->findAll()
 6 SYSTEMPATH\CodeIgniter.php(933): App\Controllers\Artikel->index()
 7 SYSTEMPATH\CodeIgniter.php(507): CodeIgniter\CodeIgniter->runController(Object(App\Controllers\Artikel))
 8 SYSTEMPATH\CodeIgniter.php(354): CodeIgniter\CodeIgniter->handleRequest(null, Object(Config\Cache), false)
 9 SYSTEMPATH\Boot.php(334): CodeIgniter\CodeIgniter->run()
10 SYSTEMPATH\Boot.php(67): CodeIgniter\Boot::runCodeIgniter(Object(CodeIgniter\CodeIgniter))
11 FCPATH\index.php(56): CodeIgniter\Boot::bootWeb(Object(Config\Paths))
12 SYSTEMPATH\rewrite.php(44): require_once('C:\\xampp\\htdocs\\Lab7Web-main\\lab7_php_ci\\public\\index.php')
ERROR - 2025-03-22 08:33:47 --> mysqli_sql_exception: Table 'lab_ci4.artikel' doesn't exist in C:\xampp\htdocs\Lab7Web-main\lab7_php_ci\system\Database\MySQLi\Connection.php:327
Stack trace:
#0 C:\xampp\htdocs\Lab7Web-main\lab7_php_ci\system\Database\MySQLi\Connection.php(327): mysqli->query('SELECT *\nFROM `...', 0)
#1 C:\xampp\htdocs\Lab7Web-main\lab7_php_ci\system\Database\BaseConnection.php(738): CodeIgniter\Database\MySQLi\Connection->execute('SELECT *\nFROM `...')
#2 C:\xampp\htdocs\Lab7Web-main\lab7_php_ci\system\Database\BaseConnection.php(652): CodeIgniter\Database\BaseConnection->simpleQuery('SELECT *\nFROM `...')
#3 C:\xampp\htdocs\Lab7Web-main\lab7_php_ci\system\Database\BaseBuilder.php(1649): CodeIgniter\Database\BaseConnection->query('SELECT *\nFROM `...', Array, false)
#4 C:\xampp\htdocs\Lab7Web-main\lab7_php_ci\system\Model.php(286): CodeIgniter\Database\BaseBuilder->get()
#5 C:\xampp\htdocs\Lab7Web-main\lab7_php_ci\system\BaseModel.php(675): CodeIgniter\Model->doFindAll(0, 0)
#6 C:\xampp\htdocs\Lab7Web-main\lab7_php_ci\app\Controllers\Artikel.php(13): CodeIgniter\BaseModel->findAll()
#7 C:\xampp\htdocs\Lab7Web-main\lab7_php_ci\system\CodeIgniter.php(933): App\Controllers\Artikel->index()
#8 C:\xampp\htdocs\Lab7Web-main\lab7_php_ci\system\CodeIgniter.php(507): CodeIgniter\CodeIgniter->runController(Object(App\Controllers\Artikel))
#9 C:\xampp\htdocs\Lab7Web-main\lab7_php_ci\system\CodeIgniter.php(354): CodeIgniter\CodeIgniter->handleRequest(NULL, Object(Config\Cache), false)
#10 C:\xampp\htdocs\Lab7Web-main\lab7_php_ci\system\Boot.php(334): CodeIgniter\CodeIgniter->run()
#11 C:\xampp\htdocs\Lab7Web-main\lab7_php_ci\system\Boot.php(67): CodeIgniter\Boot::runCodeIgniter(Object(CodeIgniter\CodeIgniter))
#12 C:\xampp\htdocs\Lab7Web-main\lab7_php_ci\public\index.php(56): CodeIgniter\Boot::bootWeb(Object(Config\Paths))
#13 C:\xampp\htdocs\Lab7Web-main\lab7_php_ci\system\rewrite.php(44): require_once('C:\\xampp\\htdocs...')
#14 {main}
CRITICAL - 2025-03-22 08:33:47 --> CodeIgniter\Database\Exceptions\DatabaseException: Table 'lab_ci4.artikel' doesn't exist
[Method: GET, Route: artikel/index]
in SYSTEMPATH\Database\BaseConnection.php on line 692.
 1 SYSTEMPATH\Database\BaseBuilder.php(1649): CodeIgniter\Database\BaseConnection->query('SELECT *
FROM `artikel`', [], false)
 2 SYSTEMPATH\Model.php(286): CodeIgniter\Database\BaseBuilder->get()
 3 SYSTEMPATH\BaseModel.php(675): CodeIgniter\Model->doFindAll(0, 0)
 4 APPPATH\Controllers\Artikel.php(13): CodeIgniter\BaseModel->findAll()
 5 SYSTEMPATH\CodeIgniter.php(933): App\Controllers\Artikel->index()
 6 SYSTEMPATH\CodeIgniter.php(507): CodeIgniter\CodeIgniter->runController(Object(App\Controllers\Artikel))
 7 SYSTEMPATH\CodeIgniter.php(354): CodeIgniter\CodeIgniter->handleRequest(null, Object(Config\Cache), false)
 8 SYSTEMPATH\Boot.php(334): CodeIgniter\CodeIgniter->run()
 9 SYSTEMPATH\Boot.php(67): CodeIgniter\Boot::runCodeIgniter(Object(CodeIgniter\CodeIgniter))
10 FCPATH\index.php(56): CodeIgniter\Boot::bootWeb(Object(Config\Paths))
11 SYSTEMPATH\rewrite.php(44): require_once('C:\\xampp\\htdocs\\Lab7Web-main\\lab7_php_ci\\public\\index.php')
CRITICAL - 2025-03-22 08:33:47 --> [Caused by] CodeIgniter\Database\Exceptions\DatabaseException: Table 'lab_ci4.artikel' doesn't exist
in SYSTEMPATH\Database\MySQLi\Connection.php on line 332.
 1 SYSTEMPATH\Database\BaseConnection.php(738): CodeIgniter\Database\MySQLi\Connection->execute('SELECT *
FROM `artikel`')
 2 SYSTEMPATH\Database\BaseConnection.php(652): CodeIgniter\Database\BaseConnection->simpleQuery('SELECT *
FROM `artikel`')
 3 SYSTEMPATH\Database\BaseBuilder.php(1649): CodeIgniter\Database\BaseConnection->query('SELECT *
FROM `artikel`', [], false)
 4 SYSTEMPATH\Model.php(286): CodeIgniter\Database\BaseBuilder->get()
 5 SYSTEMPATH\BaseModel.php(675): CodeIgniter\Model->doFindAll(0, 0)
 6 APPPATH\Controllers\Artikel.php(13): CodeIgniter\BaseModel->findAll()
 7 SYSTEMPATH\CodeIgniter.php(933): App\Controllers\Artikel->index()
 8 SYSTEMPATH\CodeIgniter.php(507): CodeIgniter\CodeIgniter->runController(Object(App\Controllers\Artikel))
 9 SYSTEMPATH\CodeIgniter.php(354): CodeIgniter\CodeIgniter->handleRequest(null, Object(Config\Cache), false)
10 SYSTEMPATH\Boot.php(334): CodeIgniter\CodeIgniter->run()
11 SYSTEMPATH\Boot.php(67): CodeIgniter\Boot::runCodeIgniter(Object(CodeIgniter\CodeIgniter))
12 FCPATH\index.php(56): CodeIgniter\Boot::bootWeb(Object(Config\Paths))
13 SYSTEMPATH\rewrite.php(44): require_once('C:\\xampp\\htdocs\\Lab7Web-main\\lab7_php_ci\\public\\index.php')
CRITICAL - 2025-03-22 08:33:47 --> [Caused by] mysqli_sql_exception: Table 'lab_ci4.artikel' doesn't exist
in SYSTEMPATH\Database\MySQLi\Connection.php on line 327.
 1 SYSTEMPATH\Database\MySQLi\Connection.php(327): mysqli->query('SELECT *
FROM `artikel`', 0)
 2 SYSTEMPATH\Database\BaseConnection.php(738): CodeIgniter\Database\MySQLi\Connection->execute('SELECT *
FROM `artikel`')
 3 SYSTEMPATH\Database\BaseConnection.php(652): CodeIgniter\Database\BaseConnection->simpleQuery('SELECT *
FROM `artikel`')
 4 SYSTEMPATH\Database\BaseBuilder.php(1649): CodeIgniter\Database\BaseConnection->query('SELECT *
FROM `artikel`', [], false)
 5 SYSTEMPATH\Model.php(286): CodeIgniter\Database\BaseBuilder->get()
 6 SYSTEMPATH\BaseModel.php(675): CodeIgniter\Model->doFindAll(0, 0)
 7 APPPATH\Controllers\Artikel.php(13): CodeIgniter\BaseModel->findAll()
 8 SYSTEMPATH\CodeIgniter.php(933): App\Controllers\Artikel->index()
 9 SYSTEMPATH\CodeIgniter.php(507): CodeIgniter\CodeIgniter->runController(Object(App\Controllers\Artikel))
10 SYSTEMPATH\CodeIgniter.php(354): CodeIgniter\CodeIgniter->handleRequest(null, Object(Config\Cache), false)
11 SYSTEMPATH\Boot.php(334): CodeIgniter\CodeIgniter->run()
12 SYSTEMPATH\Boot.php(67): CodeIgniter\Boot::runCodeIgniter(Object(CodeIgniter\CodeIgniter))
13 FCPATH\index.php(56): CodeIgniter\Boot::bootWeb(Object(Config\Paths))
14 SYSTEMPATH\rewrite.php(44): require_once('C:\\xampp\\htdocs\\Lab7Web-main\\lab7_php_ci\\public\\index.php')
ERROR - 2025-03-22 08:34:06 --> mysqli_sql_exception: Table 'lab_ci4.artikel' doesn't exist in C:\xampp\htdocs\Lab7Web-main\lab7_php_ci\system\Database\MySQLi\Connection.php:327
Stack trace:
#0 C:\xampp\htdocs\Lab7Web-main\lab7_php_ci\system\Database\MySQLi\Connection.php(327): mysqli->query('SELECT *\nFROM `...', 0)
#1 C:\xampp\htdocs\Lab7Web-main\lab7_php_ci\system\Database\BaseConnection.php(738): CodeIgniter\Database\MySQLi\Connection->execute('SELECT *\nFROM `...')
#2 C:\xampp\htdocs\Lab7Web-main\lab7_php_ci\system\Database\BaseConnection.php(652): CodeIgniter\Database\BaseConnection->simpleQuery('SELECT *\nFROM `...')
#3 C:\xampp\htdocs\Lab7Web-main\lab7_php_ci\system\Database\BaseBuilder.php(1649): CodeIgniter\Database\BaseConnection->query('SELECT *\nFROM `...', Array, false)
#4 C:\xampp\htdocs\Lab7Web-main\lab7_php_ci\system\Model.php(286): CodeIgniter\Database\BaseBuilder->get()
#5 C:\xampp\htdocs\Lab7Web-main\lab7_php_ci\system\BaseModel.php(675): CodeIgniter\Model->doFindAll(0, 0)
#6 C:\xampp\htdocs\Lab7Web-main\lab7_php_ci\app\Controllers\Artikel.php(13): CodeIgniter\BaseModel->findAll()
#7 C:\xampp\htdocs\Lab7Web-main\lab7_php_ci\system\CodeIgniter.php(933): App\Controllers\Artikel->index()
#8 C:\xampp\htdocs\Lab7Web-main\lab7_php_ci\system\CodeIgniter.php(507): CodeIgniter\CodeIgniter->runController(Object(App\Controllers\Artikel))
#9 C:\xampp\htdocs\Lab7Web-main\lab7_php_ci\system\CodeIgniter.php(354): CodeIgniter\CodeIgniter->handleRequest(NULL, Object(Config\Cache), false)
#10 C:\xampp\htdocs\Lab7Web-main\lab7_php_ci\system\Boot.php(334): CodeIgniter\CodeIgniter->run()
#11 C:\xampp\htdocs\Lab7Web-main\lab7_php_ci\system\Boot.php(67): CodeIgniter\Boot::runCodeIgniter(Object(CodeIgniter\CodeIgniter))
#12 C:\xampp\htdocs\Lab7Web-main\lab7_php_ci\public\index.php(56): CodeIgniter\Boot::bootWeb(Object(Config\Paths))
#13 C:\xampp\htdocs\Lab7Web-main\lab7_php_ci\system\rewrite.php(44): require_once('C:\\xampp\\htdocs...')
#14 {main}
CRITICAL - 2025-03-22 08:34:06 --> CodeIgniter\Database\Exceptions\DatabaseException: Table 'lab_ci4.artikel' doesn't exist
[Method: GET, Route: artikel/index]
in SYSTEMPATH\Database\BaseConnection.php on line 692.
 1 SYSTEMPATH\Database\BaseBuilder.php(1649): CodeIgniter\Database\BaseConnection->query('SELECT *
FROM `artikel`', [], false)
 2 SYSTEMPATH\Model.php(286): CodeIgniter\Database\BaseBuilder->get()
 3 SYSTEMPATH\BaseModel.php(675): CodeIgniter\Model->doFindAll(0, 0)
 4 APPPATH\Controllers\Artikel.php(13): CodeIgniter\BaseModel->findAll()
 5 SYSTEMPATH\CodeIgniter.php(933): App\Controllers\Artikel->index()
 6 SYSTEMPATH\CodeIgniter.php(507): CodeIgniter\CodeIgniter->runController(Object(App\Controllers\Artikel))
 7 SYSTEMPATH\CodeIgniter.php(354): CodeIgniter\CodeIgniter->handleRequest(null, Object(Config\Cache), false)
 8 SYSTEMPATH\Boot.php(334): CodeIgniter\CodeIgniter->run()
 9 SYSTEMPATH\Boot.php(67): CodeIgniter\Boot::runCodeIgniter(Object(CodeIgniter\CodeIgniter))
10 FCPATH\index.php(56): CodeIgniter\Boot::bootWeb(Object(Config\Paths))
11 SYSTEMPATH\rewrite.php(44): require_once('C:\\xampp\\htdocs\\Lab7Web-main\\lab7_php_ci\\public\\index.php')
CRITICAL - 2025-03-22 08:34:06 --> [Caused by] CodeIgniter\Database\Exceptions\DatabaseException: Table 'lab_ci4.artikel' doesn't exist
in SYSTEMPATH\Database\MySQLi\Connection.php on line 332.
 1 SYSTEMPATH\Database\BaseConnection.php(738): CodeIgniter\Database\MySQLi\Connection->execute('SELECT *
FROM `artikel`')
 2 SYSTEMPATH\Database\BaseConnection.php(652): CodeIgniter\Database\BaseConnection->simpleQuery('SELECT *
FROM `artikel`')
 3 SYSTEMPATH\Database\BaseBuilder.php(1649): CodeIgniter\Database\BaseConnection->query('SELECT *
FROM `artikel`', [], false)
 4 SYSTEMPATH\Model.php(286): CodeIgniter\Database\BaseBuilder->get()
 5 SYSTEMPATH\BaseModel.php(675): CodeIgniter\Model->doFindAll(0, 0)
 6 APPPATH\Controllers\Artikel.php(13): CodeIgniter\BaseModel->findAll()
 7 SYSTEMPATH\CodeIgniter.php(933): App\Controllers\Artikel->index()
 8 SYSTEMPATH\CodeIgniter.php(507): CodeIgniter\CodeIgniter->runController(Object(App\Controllers\Artikel))
 9 SYSTEMPATH\CodeIgniter.php(354): CodeIgniter\CodeIgniter->handleRequest(null, Object(Config\Cache), false)
10 SYSTEMPATH\Boot.php(334): CodeIgniter\CodeIgniter->run()
11 SYSTEMPATH\Boot.php(67): CodeIgniter\Boot::runCodeIgniter(Object(CodeIgniter\CodeIgniter))
12 FCPATH\index.php(56): CodeIgniter\Boot::bootWeb(Object(Config\Paths))
13 SYSTEMPATH\rewrite.php(44): require_once('C:\\xampp\\htdocs\\Lab7Web-main\\lab7_php_ci\\public\\index.php')
CRITICAL - 2025-03-22 08:34:06 --> [Caused by] mysqli_sql_exception: Table 'lab_ci4.artikel' doesn't exist
in SYSTEMPATH\Database\MySQLi\Connection.php on line 327.
 1 SYSTEMPATH\Database\MySQLi\Connection.php(327): mysqli->query('SELECT *
FROM `artikel`', 0)
 2 SYSTEMPATH\Database\BaseConnection.php(738): CodeIgniter\Database\MySQLi\Connection->execute('SELECT *
FROM `artikel`')
 3 SYSTEMPATH\Database\BaseConnection.php(652): CodeIgniter\Database\BaseConnection->simpleQuery('SELECT *
FROM `artikel`')
 4 SYSTEMPATH\Database\BaseBuilder.php(1649): CodeIgniter\Database\BaseConnection->query('SELECT *
FROM `artikel`', [], false)
 5 SYSTEMPATH\Model.php(286): CodeIgniter\Database\BaseBuilder->get()
 6 SYSTEMPATH\BaseModel.php(675): CodeIgniter\Model->doFindAll(0, 0)
 7 APPPATH\Controllers\Artikel.php(13): CodeIgniter\BaseModel->findAll()
 8 SYSTEMPATH\CodeIgniter.php(933): App\Controllers\Artikel->index()
 9 SYSTEMPATH\CodeIgniter.php(507): CodeIgniter\CodeIgniter->runController(Object(App\Controllers\Artikel))
10 SYSTEMPATH\CodeIgniter.php(354): CodeIgniter\CodeIgniter->handleRequest(null, Object(Config\Cache), false)
11 SYSTEMPATH\Boot.php(334): CodeIgniter\CodeIgniter->run()
12 SYSTEMPATH\Boot.php(67): CodeIgniter\Boot::runCodeIgniter(Object(CodeIgniter\CodeIgniter))
13 FCPATH\index.php(56): CodeIgniter\Boot::bootWeb(Object(Config\Paths))
14 SYSTEMPATH\rewrite.php(44): require_once('C:\\xampp\\htdocs\\Lab7Web-main\\lab7_php_ci\\public\\index.php')
ERROR - 2025-03-22 08:34:10 --> mysqli_sql_exception: Table 'lab_ci4.artikel' doesn't exist in C:\xampp\htdocs\Lab7Web-main\lab7_php_ci\system\Database\MySQLi\Connection.php:327
Stack trace:
#0 C:\xampp\htdocs\Lab7Web-main\lab7_php_ci\system\Database\MySQLi\Connection.php(327): mysqli->query('SELECT *\nFROM `...', 0)
#1 C:\xampp\htdocs\Lab7Web-main\lab7_php_ci\system\Database\BaseConnection.php(738): CodeIgniter\Database\MySQLi\Connection->execute('SELECT *\nFROM `...')
#2 C:\xampp\htdocs\Lab7Web-main\lab7_php_ci\system\Database\BaseConnection.php(652): CodeIgniter\Database\BaseConnection->simpleQuery('SELECT *\nFROM `...')
#3 C:\xampp\htdocs\Lab7Web-main\lab7_php_ci\system\Database\BaseBuilder.php(1649): CodeIgniter\Database\BaseConnection->query('SELECT *\nFROM `...', Array, false)
#4 C:\xampp\htdocs\Lab7Web-main\lab7_php_ci\system\Model.php(286): CodeIgniter\Database\BaseBuilder->get()
#5 C:\xampp\htdocs\Lab7Web-main\lab7_php_ci\system\BaseModel.php(675): CodeIgniter\Model->doFindAll(0, 0)
#6 C:\xampp\htdocs\Lab7Web-main\lab7_php_ci\app\Controllers\Artikel.php(13): CodeIgniter\BaseModel->findAll()
#7 C:\xampp\htdocs\Lab7Web-main\lab7_php_ci\system\CodeIgniter.php(933): App\Controllers\Artikel->index()
#8 C:\xampp\htdocs\Lab7Web-main\lab7_php_ci\system\CodeIgniter.php(507): CodeIgniter\CodeIgniter->runController(Object(App\Controllers\Artikel))
#9 C:\xampp\htdocs\Lab7Web-main\lab7_php_ci\system\CodeIgniter.php(354): CodeIgniter\CodeIgniter->handleRequest(NULL, Object(Config\Cache), false)
#10 C:\xampp\htdocs\Lab7Web-main\lab7_php_ci\system\Boot.php(334): CodeIgniter\CodeIgniter->run()
#11 C:\xampp\htdocs\Lab7Web-main\lab7_php_ci\system\Boot.php(67): CodeIgniter\Boot::runCodeIgniter(Object(CodeIgniter\CodeIgniter))
#12 C:\xampp\htdocs\Lab7Web-main\lab7_php_ci\public\index.php(56): CodeIgniter\Boot::bootWeb(Object(Config\Paths))
#13 C:\xampp\htdocs\Lab7Web-main\lab7_php_ci\system\rewrite.php(44): require_once('C:\\xampp\\htdocs...')
#14 {main}
CRITICAL - 2025-03-22 08:34:10 --> CodeIgniter\Database\Exceptions\DatabaseException: Table 'lab_ci4.artikel' doesn't exist
[Method: GET, Route: artikel/index]
in SYSTEMPATH\Database\BaseConnection.php on line 692.
 1 SYSTEMPATH\Database\BaseBuilder.php(1649): CodeIgniter\Database\BaseConnection->query('SELECT *
FROM `artikel`', [], false)
 2 SYSTEMPATH\Model.php(286): CodeIgniter\Database\BaseBuilder->get()
 3 SYSTEMPATH\BaseModel.php(675): CodeIgniter\Model->doFindAll(0, 0)
 4 APPPATH\Controllers\Artikel.php(13): CodeIgniter\BaseModel->findAll()
 5 SYSTEMPATH\CodeIgniter.php(933): App\Controllers\Artikel->index()
 6 SYSTEMPATH\CodeIgniter.php(507): CodeIgniter\CodeIgniter->runController(Object(App\Controllers\Artikel))
 7 SYSTEMPATH\CodeIgniter.php(354): CodeIgniter\CodeIgniter->handleRequest(null, Object(Config\Cache), false)
 8 SYSTEMPATH\Boot.php(334): CodeIgniter\CodeIgniter->run()
 9 SYSTEMPATH\Boot.php(67): CodeIgniter\Boot::runCodeIgniter(Object(CodeIgniter\CodeIgniter))
10 FCPATH\index.php(56): CodeIgniter\Boot::bootWeb(Object(Config\Paths))
11 SYSTEMPATH\rewrite.php(44): require_once('C:\\xampp\\htdocs\\Lab7Web-main\\lab7_php_ci\\public\\index.php')
CRITICAL - 2025-03-22 08:34:10 --> [Caused by] CodeIgniter\Database\Exceptions\DatabaseException: Table 'lab_ci4.artikel' doesn't exist
in SYSTEMPATH\Database\MySQLi\Connection.php on line 332.
 1 SYSTEMPATH\Database\BaseConnection.php(738): CodeIgniter\Database\MySQLi\Connection->execute('SELECT *
FROM `artikel`')
 2 SYSTEMPATH\Database\BaseConnection.php(652): CodeIgniter\Database\BaseConnection->simpleQuery('SELECT *
FROM `artikel`')
 3 SYSTEMPATH\Database\BaseBuilder.php(1649): CodeIgniter\Database\BaseConnection->query('SELECT *
FROM `artikel`', [], false)
 4 SYSTEMPATH\Model.php(286): CodeIgniter\Database\BaseBuilder->get()
 5 SYSTEMPATH\BaseModel.php(675): CodeIgniter\Model->doFindAll(0, 0)
 6 APPPATH\Controllers\Artikel.php(13): CodeIgniter\BaseModel->findAll()
 7 SYSTEMPATH\CodeIgniter.php(933): App\Controllers\Artikel->index()
 8 SYSTEMPATH\CodeIgniter.php(507): CodeIgniter\CodeIgniter->runController(Object(App\Controllers\Artikel))
 9 SYSTEMPATH\CodeIgniter.php(354): CodeIgniter\CodeIgniter->handleRequest(null, Object(Config\Cache), false)
10 SYSTEMPATH\Boot.php(334): CodeIgniter\CodeIgniter->run()
11 SYSTEMPATH\Boot.php(67): CodeIgniter\Boot::runCodeIgniter(Object(CodeIgniter\CodeIgniter))
12 FCPATH\index.php(56): CodeIgniter\Boot::bootWeb(Object(Config\Paths))
13 SYSTEMPATH\rewrite.php(44): require_once('C:\\xampp\\htdocs\\Lab7Web-main\\lab7_php_ci\\public\\index.php')
CRITICAL - 2025-03-22 08:34:10 --> [Caused by] mysqli_sql_exception: Table 'lab_ci4.artikel' doesn't exist
in SYSTEMPATH\Database\MySQLi\Connection.php on line 327.
 1 SYSTEMPATH\Database\MySQLi\Connection.php(327): mysqli->query('SELECT *
FROM `artikel`', 0)
 2 SYSTEMPATH\Database\BaseConnection.php(738): CodeIgniter\Database\MySQLi\Connection->execute('SELECT *
FROM `artikel`')
 3 SYSTEMPATH\Database\BaseConnection.php(652): CodeIgniter\Database\BaseConnection->simpleQuery('SELECT *
FROM `artikel`')
 4 SYSTEMPATH\Database\BaseBuilder.php(1649): CodeIgniter\Database\BaseConnection->query('SELECT *
FROM `artikel`', [], false)
 5 SYSTEMPATH\Model.php(286): CodeIgniter\Database\BaseBuilder->get()
 6 SYSTEMPATH\BaseModel.php(675): CodeIgniter\Model->doFindAll(0, 0)
 7 APPPATH\Controllers\Artikel.php(13): CodeIgniter\BaseModel->findAll()
 8 SYSTEMPATH\CodeIgniter.php(933): App\Controllers\Artikel->index()
 9 SYSTEMPATH\CodeIgniter.php(507): CodeIgniter\CodeIgniter->runController(Object(App\Controllers\Artikel))
10 SYSTEMPATH\CodeIgniter.php(354): CodeIgniter\CodeIgniter->handleRequest(null, Object(Config\Cache), false)
11 SYSTEMPATH\Boot.php(334): CodeIgniter\CodeIgniter->run()
12 SYSTEMPATH\Boot.php(67): CodeIgniter\Boot::runCodeIgniter(Object(CodeIgniter\CodeIgniter))
13 FCPATH\index.php(56): CodeIgniter\Boot::bootWeb(Object(Config\Paths))
14 SYSTEMPATH\rewrite.php(44): require_once('C:\\xampp\\htdocs\\Lab7Web-main\\lab7_php_ci\\public\\index.php')
CRITICAL - 2025-03-22 08:34:28 --> ErrorException: Declaration of App\Cells\ArtikelTerkini::render(string $library, $params = null, int $ttl = 0, ?string $cacheName = null) must be compatible with CodeIgniter\View\Cell::render(string $library, $params = null, int $ttl = 0, ?string $cacheName = null): string
[Method: GET, Route: about]
in APPPATH\Cells\ArtikelTerkini.php on line 9.
 1 [internal function]: CodeIgniter\Debug\Exceptions->shutdownHandler()
ERROR - 2025-03-22 08:51:39 --> mysqli_sql_exception: Table 'lab_ci4.artikel' doesn't exist in C:\xampp\htdocs\Lab7Web-main\lab7_php_ci\system\Database\MySQLi\Connection.php:327
Stack trace:
#0 C:\xampp\htdocs\Lab7Web-main\lab7_php_ci\system\Database\MySQLi\Connection.php(327): mysqli->query('SELECT *\nFROM `...', 0)
#1 C:\xampp\htdocs\Lab7Web-main\lab7_php_ci\system\Database\BaseConnection.php(738): CodeIgniter\Database\MySQLi\Connection->execute('SELECT *\nFROM `...')
#2 C:\xampp\htdocs\Lab7Web-main\lab7_php_ci\system\Database\BaseConnection.php(652): CodeIgniter\Database\BaseConnection->simpleQuery('SELECT *\nFROM `...')
#3 C:\xampp\htdocs\Lab7Web-main\lab7_php_ci\system\Database\BaseBuilder.php(1649): CodeIgniter\Database\BaseConnection->query('SELECT *\nFROM `...', Array, false)
#4 C:\xampp\htdocs\Lab7Web-main\lab7_php_ci\system\Model.php(286): CodeIgniter\Database\BaseBuilder->get()
#5 C:\xampp\htdocs\Lab7Web-main\lab7_php_ci\system\BaseModel.php(675): CodeIgniter\Model->doFindAll(0, 0)
#6 C:\xampp\htdocs\Lab7Web-main\lab7_php_ci\app\Controllers\Artikel.php(13): CodeIgniter\BaseModel->findAll()
#7 C:\xampp\htdocs\Lab7Web-main\lab7_php_ci\system\CodeIgniter.php(933): App\Controllers\Artikel->index()
#8 C:\xampp\htdocs\Lab7Web-main\lab7_php_ci\system\CodeIgniter.php(507): CodeIgniter\CodeIgniter->runController(Object(App\Controllers\Artikel))
#9 C:\xampp\htdocs\Lab7Web-main\lab7_php_ci\system\CodeIgniter.php(354): CodeIgniter\CodeIgniter->handleRequest(NULL, Object(Config\Cache), false)
#10 C:\xampp\htdocs\Lab7Web-main\lab7_php_ci\system\Boot.php(334): CodeIgniter\CodeIgniter->run()
#11 C:\xampp\htdocs\Lab7Web-main\lab7_php_ci\system\Boot.php(67): CodeIgniter\Boot::runCodeIgniter(Object(CodeIgniter\CodeIgniter))
#12 C:\xampp\htdocs\Lab7Web-main\lab7_php_ci\public\index.php(56): CodeIgniter\Boot::bootWeb(Object(Config\Paths))
#13 C:\xampp\htdocs\Lab7Web-main\lab7_php_ci\system\rewrite.php(44): require_once('C:\\xampp\\htdocs...')
#14 {main}
CRITICAL - 2025-03-22 08:51:39 --> CodeIgniter\Database\Exceptions\DatabaseException: Table 'lab_ci4.artikel' doesn't exist
[Method: GET, Route: artikel/index]
in SYSTEMPATH\Database\BaseConnection.php on line 692.
 1 SYSTEMPATH\Database\BaseBuilder.php(1649): CodeIgniter\Database\BaseConnection->query('SELECT *
FROM `artikel`', [], false)
 2 SYSTEMPATH\Model.php(286): CodeIgniter\Database\BaseBuilder->get()
 3 SYSTEMPATH\BaseModel.php(675): CodeIgniter\Model->doFindAll(0, 0)
 4 APPPATH\Controllers\Artikel.php(13): CodeIgniter\BaseModel->findAll()
 5 SYSTEMPATH\CodeIgniter.php(933): App\Controllers\Artikel->index()
 6 SYSTEMPATH\CodeIgniter.php(507): CodeIgniter\CodeIgniter->runController(Object(App\Controllers\Artikel))
 7 SYSTEMPATH\CodeIgniter.php(354): CodeIgniter\CodeIgniter->handleRequest(null, Object(Config\Cache), false)
 8 SYSTEMPATH\Boot.php(334): CodeIgniter\CodeIgniter->run()
 9 SYSTEMPATH\Boot.php(67): CodeIgniter\Boot::runCodeIgniter(Object(CodeIgniter\CodeIgniter))
10 FCPATH\index.php(56): CodeIgniter\Boot::bootWeb(Object(Config\Paths))
11 SYSTEMPATH\rewrite.php(44): require_once('C:\\xampp\\htdocs\\Lab7Web-main\\lab7_php_ci\\public\\index.php')
CRITICAL - 2025-03-22 08:51:39 --> [Caused by] CodeIgniter\Database\Exceptions\DatabaseException: Table 'lab_ci4.artikel' doesn't exist
in SYSTEMPATH\Database\MySQLi\Connection.php on line 332.
 1 SYSTEMPATH\Database\BaseConnection.php(738): CodeIgniter\Database\MySQLi\Connection->execute('SELECT *
FROM `artikel`')
 2 SYSTEMPATH\Database\BaseConnection.php(652): CodeIgniter\Database\BaseConnection->simpleQuery('SELECT *
FROM `artikel`')
 3 SYSTEMPATH\Database\BaseBuilder.php(1649): CodeIgniter\Database\BaseConnection->query('SELECT *
FROM `artikel`', [], false)
 4 SYSTEMPATH\Model.php(286): CodeIgniter\Database\BaseBuilder->get()
 5 SYSTEMPATH\BaseModel.php(675): CodeIgniter\Model->doFindAll(0, 0)
 6 APPPATH\Controllers\Artikel.php(13): CodeIgniter\BaseModel->findAll()
 7 SYSTEMPATH\CodeIgniter.php(933): App\Controllers\Artikel->index()
 8 SYSTEMPATH\CodeIgniter.php(507): CodeIgniter\CodeIgniter->runController(Object(App\Controllers\Artikel))
 9 SYSTEMPATH\CodeIgniter.php(354): CodeIgniter\CodeIgniter->handleRequest(null, Object(Config\Cache), false)
10 SYSTEMPATH\Boot.php(334): CodeIgniter\CodeIgniter->run()
11 SYSTEMPATH\Boot.php(67): CodeIgniter\Boot::runCodeIgniter(Object(CodeIgniter\CodeIgniter))
12 FCPATH\index.php(56): CodeIgniter\Boot::bootWeb(Object(Config\Paths))
13 SYSTEMPATH\rewrite.php(44): require_once('C:\\xampp\\htdocs\\Lab7Web-main\\lab7_php_ci\\public\\index.php')
CRITICAL - 2025-03-22 08:51:39 --> [Caused by] mysqli_sql_exception: Table 'lab_ci4.artikel' doesn't exist
in SYSTEMPATH\Database\MySQLi\Connection.php on line 327.
 1 SYSTEMPATH\Database\MySQLi\Connection.php(327): mysqli->query('SELECT *
FROM `artikel`', 0)
 2 SYSTEMPATH\Database\BaseConnection.php(738): CodeIgniter\Database\MySQLi\Connection->execute('SELECT *
FROM `artikel`')
 3 SYSTEMPATH\Database\BaseConnection.php(652): CodeIgniter\Database\BaseConnection->simpleQuery('SELECT *
FROM `artikel`')
 4 SYSTEMPATH\Database\BaseBuilder.php(1649): CodeIgniter\Database\BaseConnection->query('SELECT *
FROM `artikel`', [], false)
 5 SYSTEMPATH\Model.php(286): CodeIgniter\Database\BaseBuilder->get()
 6 SYSTEMPATH\BaseModel.php(675): CodeIgniter\Model->doFindAll(0, 0)
 7 APPPATH\Controllers\Artikel.php(13): CodeIgniter\BaseModel->findAll()
 8 SYSTEMPATH\CodeIgniter.php(933): App\Controllers\Artikel->index()
 9 SYSTEMPATH\CodeIgniter.php(507): CodeIgniter\CodeIgniter->runController(Object(App\Controllers\Artikel))
10 SYSTEMPATH\CodeIgniter.php(354): CodeIgniter\CodeIgniter->handleRequest(null, Object(Config\Cache), false)
11 SYSTEMPATH\Boot.php(334): CodeIgniter\CodeIgniter->run()
12 SYSTEMPATH\Boot.php(67): CodeIgniter\Boot::runCodeIgniter(Object(CodeIgniter\CodeIgniter))
13 FCPATH\index.php(56): CodeIgniter\Boot::bootWeb(Object(Config\Paths))
14 SYSTEMPATH\rewrite.php(44): require_once('C:\\xampp\\htdocs\\Lab7Web-main\\lab7_php_ci\\public\\index.php')
CRITICAL - 2025-03-22 09:17:02 --> Error: Class "App\Cells\ArtikelModel" not found
[Method: GET, Route: about]
in APPPATH\Cells\ArtikelTerkini.php on line 11.
 1 SYSTEMPATH\View\Cell.php(233): App\Cells\ArtikelTerkini->render()
 2 SYSTEMPATH\View\Cell.php(103): CodeIgniter\View\Cell->renderCell(Object(App\Cells\ArtikelTerkini), 'render', [])
 3 SYSTEMPATH\Common.php(1189): CodeIgniter\View\Cell->render('App\\Cells\\ArtikelTerkini::render', [], 0, 'AppCellsArtikelTerkinirender40cd750bba9870f18aada2478b24840a')
 4 APPPATH\Views\layout\main.php(19): view_cell('App\\Cells\\ArtikelTerkini::render')
 5 SYSTEMPATH\View\View.php(224): include('C:\\xampp\\htdocs\\Lab7Web-main\\lab7_php_ci\\app\\Views\\layout\\main.php')
 6 SYSTEMPATH\View\View.php(227): CodeIgniter\View\View->CodeIgniter\View\{closure}()
 7 SYSTEMPATH\View\View.php(240): CodeIgniter\View\View->render('layout/main', [], true)
 8 SYSTEMPATH\Common.php(1173): CodeIgniter\View\View->render('about', [], true)
 9 APPPATH\Controllers\Page.php(7): view('about', [...])
10 SYSTEMPATH\CodeIgniter.php(933): App\Controllers\Page->about()
11 SYSTEMPATH\CodeIgniter.php(507): CodeIgniter\CodeIgniter->runController(Object(App\Controllers\Page))
12 SYSTEMPATH\CodeIgniter.php(354): CodeIgniter\CodeIgniter->handleRequest(null, Object(Config\Cache), false)
13 SYSTEMPATH\Boot.php(334): CodeIgniter\CodeIgniter->run()
14 SYSTEMPATH\Boot.php(67): CodeIgniter\Boot::runCodeIgniter(Object(CodeIgniter\CodeIgniter))
15 FCPATH\index.php(56): CodeIgniter\Boot::bootWeb(Object(Config\Paths))
16 SYSTEMPATH\rewrite.php(44): require_once('C:\\xampp\\htdocs\\Lab7Web-main\\lab7_php_ci\\public\\index.php')
ERROR - 2025-03-22 09:19:31 --> mysqli_sql_exception: Table 'lab_ci4.artikel' doesn't exist in C:\xampp\htdocs\Lab7Web-main\lab7_php_ci\system\Database\MySQLi\Connection.php:327
Stack trace:
#0 C:\xampp\htdocs\Lab7Web-main\lab7_php_ci\system\Database\MySQLi\Connection.php(327): mysqli->query('SELECT *\nFROM `...', 0)
#1 C:\xampp\htdocs\Lab7Web-main\lab7_php_ci\system\Database\BaseConnection.php(738): CodeIgniter\Database\MySQLi\Connection->execute('SELECT *\nFROM `...')
#2 C:\xampp\htdocs\Lab7Web-main\lab7_php_ci\system\Database\BaseConnection.php(652): CodeIgniter\Database\BaseConnection->simpleQuery('SELECT *\nFROM `...')
#3 C:\xampp\htdocs\Lab7Web-main\lab7_php_ci\system\Database\BaseBuilder.php(1649): CodeIgniter\Database\BaseConnection->query('SELECT *\nFROM `...', Array, false)
#4 C:\xampp\htdocs\Lab7Web-main\lab7_php_ci\system\Model.php(286): CodeIgniter\Database\BaseBuilder->get()
#5 C:\xampp\htdocs\Lab7Web-main\lab7_php_ci\system\BaseModel.php(675): CodeIgniter\Model->doFindAll(0, 0)
#6 C:\xampp\htdocs\Lab7Web-main\lab7_php_ci\app\Cells\ArtikelTerkini.php(12): CodeIgniter\BaseModel->findAll()
#7 C:\xampp\htdocs\Lab7Web-main\lab7_php_ci\system\View\Cell.php(233): App\Cells\ArtikelTerkini->render()
#8 C:\xampp\htdocs\Lab7Web-main\lab7_php_ci\system\View\Cell.php(103): CodeIgniter\View\Cell->renderCell(Object(App\Cells\ArtikelTerkini), 'render', Array)
#9 C:\xampp\htdocs\Lab7Web-main\lab7_php_ci\system\Common.php(1189): CodeIgniter\View\Cell->render('App\\Cells\\Artik...', Array, 0, 'AppCellsArtikel...')
#10 C:\xampp\htdocs\Lab7Web-main\lab7_php_ci\app\Views\layout\main.php(19): view_cell('App\\Cells\\Artik...')
#11 C:\xampp\htdocs\Lab7Web-main\lab7_php_ci\system\View\View.php(224): include('C:\\xampp\\htdocs...')
#12 C:\xampp\htdocs\Lab7Web-main\lab7_php_ci\system\View\View.php(227): CodeIgniter\View\View->CodeIgniter\View\{closure}()
#13 C:\xampp\htdocs\Lab7Web-main\lab7_php_ci\system\View\View.php(240): CodeIgniter\View\View->render('layout/main', Array, true)
#14 C:\xampp\htdocs\Lab7Web-main\lab7_php_ci\system\Common.php(1173): CodeIgniter\View\View->render('about', Array, true)
#15 C:\xampp\htdocs\Lab7Web-main\lab7_php_ci\app\Controllers\Page.php(7): view('about', Array)
#16 C:\xampp\htdocs\Lab7Web-main\lab7_php_ci\system\CodeIgniter.php(933): App\Controllers\Page->about()
#17 C:\xampp\htdocs\Lab7Web-main\lab7_php_ci\system\CodeIgniter.php(507): CodeIgniter\CodeIgniter->runController(Object(App\Controllers\Page))
#18 C:\xampp\htdocs\Lab7Web-main\lab7_php_ci\system\CodeIgniter.php(354): CodeIgniter\CodeIgniter->handleRequest(NULL, Object(Config\Cache), false)
#19 C:\xampp\htdocs\Lab7Web-main\lab7_php_ci\system\Boot.php(334): CodeIgniter\CodeIgniter->run()
#20 C:\xampp\htdocs\Lab7Web-main\lab7_php_ci\system\Boot.php(67): CodeIgniter\Boot::runCodeIgniter(Object(CodeIgniter\CodeIgniter))
#21 C:\xampp\htdocs\Lab7Web-main\lab7_php_ci\public\index.php(56): CodeIgniter\Boot::bootWeb(Object(Config\Paths))
#22 C:\xampp\htdocs\Lab7Web-main\lab7_php_ci\system\rewrite.php(44): require_once('C:\\xampp\\htdocs...')
#23 {main}
CRITICAL - 2025-03-22 09:19:31 --> CodeIgniter\Database\Exceptions\DatabaseException: Table 'lab_ci4.artikel' doesn't exist
[Method: GET, Route: about]
in SYSTEMPATH\Database\BaseConnection.php on line 692.
 1 SYSTEMPATH\Database\BaseBuilder.php(1649): CodeIgniter\Database\BaseConnection->query('SELECT *
FROM `artikel`
ORDER BY `created_at` DESC
 LIMIT 5', [], false)
 2 SYSTEMPATH\Model.php(286): CodeIgniter\Database\BaseBuilder->get()
 3 SYSTEMPATH\BaseModel.php(675): CodeIgniter\Model->doFindAll(0, 0)
 4 APPPATH\Cells\ArtikelTerkini.php(12): CodeIgniter\BaseModel->findAll()
 5 SYSTEMPATH\View\Cell.php(233): App\Cells\ArtikelTerkini->render()
 6 SYSTEMPATH\View\Cell.php(103): CodeIgniter\View\Cell->renderCell(Object(App\Cells\ArtikelTerkini), 'render', [])
 7 SYSTEMPATH\Common.php(1189): CodeIgniter\View\Cell->render('App\\Cells\\ArtikelTerkini::render', [], 0, 'AppCellsArtikelTerkinirender40cd750bba9870f18aada2478b24840a')
 8 APPPATH\Views\layout\main.php(19): view_cell('App\\Cells\\ArtikelTerkini::render')
 9 SYSTEMPATH\View\View.php(224): include('C:\\xampp\\htdocs\\Lab7Web-main\\lab7_php_ci\\app\\Views\\layout\\main.php')
10 SYSTEMPATH\View\View.php(227): CodeIgniter\View\View->CodeIgniter\View\{closure}()
11 SYSTEMPATH\View\View.php(240): CodeIgniter\View\View->render('layout/main', [], true)
12 SYSTEMPATH\Common.php(1173): CodeIgniter\View\View->render('about', [], true)
13 APPPATH\Controllers\Page.php(7): view('about', [...])
14 SYSTEMPATH\CodeIgniter.php(933): App\Controllers\Page->about()
15 SYSTEMPATH\CodeIgniter.php(507): CodeIgniter\CodeIgniter->runController(Object(App\Controllers\Page))
16 SYSTEMPATH\CodeIgniter.php(354): CodeIgniter\CodeIgniter->handleRequest(null, Object(Config\Cache), false)
17 SYSTEMPATH\Boot.php(334): CodeIgniter\CodeIgniter->run()
18 SYSTEMPATH\Boot.php(67): CodeIgniter\Boot::runCodeIgniter(Object(CodeIgniter\CodeIgniter))
19 FCPATH\index.php(56): CodeIgniter\Boot::bootWeb(Object(Config\Paths))
20 SYSTEMPATH\rewrite.php(44): require_once('C:\\xampp\\htdocs\\Lab7Web-main\\lab7_php_ci\\public\\index.php')
CRITICAL - 2025-03-22 09:19:31 --> [Caused by] CodeIgniter\Database\Exceptions\DatabaseException: Table 'lab_ci4.artikel' doesn't exist
in SYSTEMPATH\Database\MySQLi\Connection.php on line 332.
 1 SYSTEMPATH\Database\BaseConnection.php(738): CodeIgniter\Database\MySQLi\Connection->execute('SELECT *
FROM `artikel`
ORDER BY `created_at` DESC
 LIMIT 5')
 2 SYSTEMPATH\Database\BaseConnection.php(652): CodeIgniter\Database\BaseConnection->simpleQuery('SELECT *
FROM `artikel`
ORDER BY `created_at` DESC
 LIMIT 5')
 3 SYSTEMPATH\Database\BaseBuilder.php(1649): CodeIgniter\Database\BaseConnection->query('SELECT *
FROM `artikel`
ORDER BY `created_at` DESC
 LIMIT 5', [], false)
 4 SYSTEMPATH\Model.php(286): CodeIgniter\Database\BaseBuilder->get()
 5 SYSTEMPATH\BaseModel.php(675): CodeIgniter\Model->doFindAll(0, 0)
 6 APPPATH\Cells\ArtikelTerkini.php(12): CodeIgniter\BaseModel->findAll()
 7 SYSTEMPATH\View\Cell.php(233): App\Cells\ArtikelTerkini->render()
 8 SYSTEMPATH\View\Cell.php(103): CodeIgniter\View\Cell->renderCell(Object(App\Cells\ArtikelTerkini), 'render', [])
 9 SYSTEMPATH\Common.php(1189): CodeIgniter\View\Cell->render('App\\Cells\\ArtikelTerkini::render', [], 0, 'AppCellsArtikelTerkinirender40cd750bba9870f18aada2478b24840a')
10 APPPATH\Views\layout\main.php(19): view_cell('App\\Cells\\ArtikelTerkini::render')
11 SYSTEMPATH\View\View.php(224): include('C:\\xampp\\htdocs\\Lab7Web-main\\lab7_php_ci\\app\\Views\\layout\\main.php')
12 SYSTEMPATH\View\View.php(227): CodeIgniter\View\View->CodeIgniter\View\{closure}()
13 SYSTEMPATH\View\View.php(240): CodeIgniter\View\View->render('layout/main', [], true)
14 SYSTEMPATH\Common.php(1173): CodeIgniter\View\View->render('about', [], true)
15 APPPATH\Controllers\Page.php(7): view('about', [...])
16 SYSTEMPATH\CodeIgniter.php(933): App\Controllers\Page->about()
17 SYSTEMPATH\CodeIgniter.php(507): CodeIgniter\CodeIgniter->runController(Object(App\Controllers\Page))
18 SYSTEMPATH\CodeIgniter.php(354): CodeIgniter\CodeIgniter->handleRequest(null, Object(Config\Cache), false)
19 SYSTEMPATH\Boot.php(334): CodeIgniter\CodeIgniter->run()
20 SYSTEMPATH\Boot.php(67): CodeIgniter\Boot::runCodeIgniter(Object(CodeIgniter\CodeIgniter))
21 FCPATH\index.php(56): CodeIgniter\Boot::bootWeb(Object(Config\Paths))
22 SYSTEMPATH\rewrite.php(44): require_once('C:\\xampp\\htdocs\\Lab7Web-main\\lab7_php_ci\\public\\index.php')
CRITICAL - 2025-03-22 09:19:31 --> [Caused by] mysqli_sql_exception: Table 'lab_ci4.artikel' doesn't exist
in SYSTEMPATH\Database\MySQLi\Connection.php on line 327.
 1 SYSTEMPATH\Database\MySQLi\Connection.php(327): mysqli->query('SELECT *
FROM `artikel`
ORDER BY `created_at` DESC
 LIMIT 5', 0)
 2 SYSTEMPATH\Database\BaseConnection.php(738): CodeIgniter\Database\MySQLi\Connection->execute('SELECT *
FROM `artikel`
ORDER BY `created_at` DESC
 LIMIT 5')
 3 SYSTEMPATH\Database\BaseConnection.php(652): CodeIgniter\Database\BaseConnection->simpleQuery('SELECT *
FROM `artikel`
ORDER BY `created_at` DESC
 LIMIT 5')
 4 SYSTEMPATH\Database\BaseBuilder.php(1649): CodeIgniter\Database\BaseConnection->query('SELECT *
FROM `artikel`
ORDER BY `created_at` DESC
 LIMIT 5', [], false)
 5 SYSTEMPATH\Model.php(286): CodeIgniter\Database\BaseBuilder->get()
 6 SYSTEMPATH\BaseModel.php(675): CodeIgniter\Model->doFindAll(0, 0)
 7 APPPATH\Cells\ArtikelTerkini.php(12): CodeIgniter\BaseModel->findAll()
 8 SYSTEMPATH\View\Cell.php(233): App\Cells\ArtikelTerkini->render()
 9 SYSTEMPATH\View\Cell.php(103): CodeIgniter\View\Cell->renderCell(Object(App\Cells\ArtikelTerkini), 'render', [])
10 SYSTEMPATH\Common.php(1189): CodeIgniter\View\Cell->render('App\\Cells\\ArtikelTerkini::render', [], 0, 'AppCellsArtikelTerkinirender40cd750bba9870f18aada2478b24840a')
11 APPPATH\Views\layout\main.php(19): view_cell('App\\Cells\\ArtikelTerkini::render')
12 SYSTEMPATH\View\View.php(224): include('C:\\xampp\\htdocs\\Lab7Web-main\\lab7_php_ci\\app\\Views\\layout\\main.php')
13 SYSTEMPATH\View\View.php(227): CodeIgniter\View\View->CodeIgniter\View\{closure}()
14 SYSTEMPATH\View\View.php(240): CodeIgniter\View\View->render('layout/main', [], true)
15 SYSTEMPATH\Common.php(1173): CodeIgniter\View\View->render('about', [], true)
16 APPPATH\Controllers\Page.php(7): view('about', [...])
17 SYSTEMPATH\CodeIgniter.php(933): App\Controllers\Page->about()
18 SYSTEMPATH\CodeIgniter.php(507): CodeIgniter\CodeIgniter->runController(Object(App\Controllers\Page))
19 SYSTEMPATH\CodeIgniter.php(354): CodeIgniter\CodeIgniter->handleRequest(null, Object(Config\Cache), false)
20 SYSTEMPATH\Boot.php(334): CodeIgniter\CodeIgniter->run()
21 SYSTEMPATH\Boot.php(67): CodeIgniter\Boot::runCodeIgniter(Object(CodeIgniter\CodeIgniter))
22 FCPATH\index.php(56): CodeIgniter\Boot::bootWeb(Object(Config\Paths))
23 SYSTEMPATH\rewrite.php(44): require_once('C:\\xampp\\htdocs\\Lab7Web-main\\lab7_php_ci\\public\\index.php')
ERROR - 2025-03-22 09:30:51 --> mysqli_sql_exception: Unknown column 'created_at' in 'order clause' in C:\xampp\htdocs\Lab7Web-main\lab7_php_ci\system\Database\MySQLi\Connection.php:327
Stack trace:
#0 C:\xampp\htdocs\Lab7Web-main\lab7_php_ci\system\Database\MySQLi\Connection.php(327): mysqli->query('SELECT *\nFROM `...', 0)
#1 C:\xampp\htdocs\Lab7Web-main\lab7_php_ci\system\Database\BaseConnection.php(738): CodeIgniter\Database\MySQLi\Connection->execute('SELECT *\nFROM `...')
#2 C:\xampp\htdocs\Lab7Web-main\lab7_php_ci\system\Database\BaseConnection.php(652): CodeIgniter\Database\BaseConnection->simpleQuery('SELECT *\nFROM `...')
#3 C:\xampp\htdocs\Lab7Web-main\lab7_php_ci\system\Database\BaseBuilder.php(1649): CodeIgniter\Database\BaseConnection->query('SELECT *\nFROM `...', Array, false)
#4 C:\xampp\htdocs\Lab7Web-main\lab7_php_ci\system\Model.php(286): CodeIgniter\Database\BaseBuilder->get()
#5 C:\xampp\htdocs\Lab7Web-main\lab7_php_ci\system\BaseModel.php(675): CodeIgniter\Model->doFindAll(0, 0)
#6 C:\xampp\htdocs\Lab7Web-main\lab7_php_ci\app\Cells\ArtikelTerkini.php(12): CodeIgniter\BaseModel->findAll()
#7 C:\xampp\htdocs\Lab7Web-main\lab7_php_ci\system\View\Cell.php(233): App\Cells\ArtikelTerkini->render()
#8 C:\xampp\htdocs\Lab7Web-main\lab7_php_ci\system\View\Cell.php(103): CodeIgniter\View\Cell->renderCell(Object(App\Cells\ArtikelTerkini), 'render', Array)
#9 C:\xampp\htdocs\Lab7Web-main\lab7_php_ci\system\Common.php(1189): CodeIgniter\View\Cell->render('App\\Cells\\Artik...', Array, 0, 'AppCellsArtikel...')
#10 C:\xampp\htdocs\Lab7Web-main\lab7_php_ci\app\Views\layout\main.php(19): view_cell('App\\Cells\\Artik...')
#11 C:\xampp\htdocs\Lab7Web-main\lab7_php_ci\system\View\View.php(224): include('C:\\xampp\\htdocs...')
#12 C:\xampp\htdocs\Lab7Web-main\lab7_php_ci\system\View\View.php(227): CodeIgniter\View\View->CodeIgniter\View\{closure}()
#13 C:\xampp\htdocs\Lab7Web-main\lab7_php_ci\system\View\View.php(240): CodeIgniter\View\View->render('layout/main', Array, true)
#14 C:\xampp\htdocs\Lab7Web-main\lab7_php_ci\system\Common.php(1173): CodeIgniter\View\View->render('about', Array, true)
#15 C:\xampp\htdocs\Lab7Web-main\lab7_php_ci\app\Controllers\Page.php(7): view('about', Array)
#16 C:\xampp\htdocs\Lab7Web-main\lab7_php_ci\system\CodeIgniter.php(933): App\Controllers\Page->about()
#17 C:\xampp\htdocs\Lab7Web-main\lab7_php_ci\system\CodeIgniter.php(507): CodeIgniter\CodeIgniter->runController(Object(App\Controllers\Page))
#18 C:\xampp\htdocs\Lab7Web-main\lab7_php_ci\system\CodeIgniter.php(354): CodeIgniter\CodeIgniter->handleRequest(NULL, Object(Config\Cache), false)
#19 C:\xampp\htdocs\Lab7Web-main\lab7_php_ci\system\Boot.php(334): CodeIgniter\CodeIgniter->run()
#20 C:\xampp\htdocs\Lab7Web-main\lab7_php_ci\system\Boot.php(67): CodeIgniter\Boot::runCodeIgniter(Object(CodeIgniter\CodeIgniter))
#21 C:\xampp\htdocs\Lab7Web-main\lab7_php_ci\public\index.php(56): CodeIgniter\Boot::bootWeb(Object(Config\Paths))
#22 C:\xampp\htdocs\Lab7Web-main\lab7_php_ci\system\rewrite.php(44): require_once('C:\\xampp\\htdocs...')
#23 {main}
CRITICAL - 2025-03-22 09:30:51 --> CodeIgniter\Database\Exceptions\DatabaseException: Unknown column 'created_at' in 'order clause'
[Method: GET, Route: about]
in SYSTEMPATH\Database\BaseConnection.php on line 692.
 1 SYSTEMPATH\Database\BaseBuilder.php(1649): CodeIgniter\Database\BaseConnection->query('SELECT *
FROM `artikel`
ORDER BY `created_at` DESC
 LIMIT 5', [], false)
 2 SYSTEMPATH\Model.php(286): CodeIgniter\Database\BaseBuilder->get()
 3 SYSTEMPATH\BaseModel.php(675): CodeIgniter\Model->doFindAll(0, 0)
 4 APPPATH\Cells\ArtikelTerkini.php(12): CodeIgniter\BaseModel->findAll()
 5 SYSTEMPATH\View\Cell.php(233): App\Cells\ArtikelTerkini->render()
 6 SYSTEMPATH\View\Cell.php(103): CodeIgniter\View\Cell->renderCell(Object(App\Cells\ArtikelTerkini), 'render', [])
 7 SYSTEMPATH\Common.php(1189): CodeIgniter\View\Cell->render('App\\Cells\\ArtikelTerkini::render', [], 0, 'AppCellsArtikelTerkinirender40cd750bba9870f18aada2478b24840a')
 8 APPPATH\Views\layout\main.php(19): view_cell('App\\Cells\\ArtikelTerkini::render')
 9 SYSTEMPATH\View\View.php(224): include('C:\\xampp\\htdocs\\Lab7Web-main\\lab7_php_ci\\app\\Views\\layout\\main.php')
10 SYSTEMPATH\View\View.php(227): CodeIgniter\View\View->CodeIgniter\View\{closure}()
11 SYSTEMPATH\View\View.php(240): CodeIgniter\View\View->render('layout/main', [], true)
12 SYSTEMPATH\Common.php(1173): CodeIgniter\View\View->render('about', [], true)
13 APPPATH\Controllers\Page.php(7): view('about', [...])
14 SYSTEMPATH\CodeIgniter.php(933): App\Controllers\Page->about()
15 SYSTEMPATH\CodeIgniter.php(507): CodeIgniter\CodeIgniter->runController(Object(App\Controllers\Page))
16 SYSTEMPATH\CodeIgniter.php(354): CodeIgniter\CodeIgniter->handleRequest(null, Object(Config\Cache), false)
17 SYSTEMPATH\Boot.php(334): CodeIgniter\CodeIgniter->run()
18 SYSTEMPATH\Boot.php(67): CodeIgniter\Boot::runCodeIgniter(Object(CodeIgniter\CodeIgniter))
19 FCPATH\index.php(56): CodeIgniter\Boot::bootWeb(Object(Config\Paths))
20 SYSTEMPATH\rewrite.php(44): require_once('C:\\xampp\\htdocs\\Lab7Web-main\\lab7_php_ci\\public\\index.php')
CRITICAL - 2025-03-22 09:30:51 --> [Caused by] CodeIgniter\Database\Exceptions\DatabaseException: Unknown column 'created_at' in 'order clause'
in SYSTEMPATH\Database\MySQLi\Connection.php on line 332.
 1 SYSTEMPATH\Database\BaseConnection.php(738): CodeIgniter\Database\MySQLi\Connection->execute('SELECT *
FROM `artikel`
ORDER BY `created_at` DESC
 LIMIT 5')
 2 SYSTEMPATH\Database\BaseConnection.php(652): CodeIgniter\Database\BaseConnection->simpleQuery('SELECT *
FROM `artikel`
ORDER BY `created_at` DESC
 LIMIT 5')
 3 SYSTEMPATH\Database\BaseBuilder.php(1649): CodeIgniter\Database\BaseConnection->query('SELECT *
FROM `artikel`
ORDER BY `created_at` DESC
 LIMIT 5', [], false)
 4 SYSTEMPATH\Model.php(286): CodeIgniter\Database\BaseBuilder->get()
 5 SYSTEMPATH\BaseModel.php(675): CodeIgniter\Model->doFindAll(0, 0)
 6 APPPATH\Cells\ArtikelTerkini.php(12): CodeIgniter\BaseModel->findAll()
 7 SYSTEMPATH\View\Cell.php(233): App\Cells\ArtikelTerkini->render()
 8 SYSTEMPATH\View\Cell.php(103): CodeIgniter\View\Cell->renderCell(Object(App\Cells\ArtikelTerkini), 'render', [])
 9 SYSTEMPATH\Common.php(1189): CodeIgniter\View\Cell->render('App\\Cells\\ArtikelTerkini::render', [], 0, 'AppCellsArtikelTerkinirender40cd750bba9870f18aada2478b24840a')
10 APPPATH\Views\layout\main.php(19): view_cell('App\\Cells\\ArtikelTerkini::render')
11 SYSTEMPATH\View\View.php(224): include('C:\\xampp\\htdocs\\Lab7Web-main\\lab7_php_ci\\app\\Views\\layout\\main.php')
12 SYSTEMPATH\View\View.php(227): CodeIgniter\View\View->CodeIgniter\View\{closure}()
13 SYSTEMPATH\View\View.php(240): CodeIgniter\View\View->render('layout/main', [], true)
14 SYSTEMPATH\Common.php(1173): CodeIgniter\View\View->render('about', [], true)
15 APPPATH\Controllers\Page.php(7): view('about', [...])
16 SYSTEMPATH\CodeIgniter.php(933): App\Controllers\Page->about()
17 SYSTEMPATH\CodeIgniter.php(507): CodeIgniter\CodeIgniter->runController(Object(App\Controllers\Page))
18 SYSTEMPATH\CodeIgniter.php(354): CodeIgniter\CodeIgniter->handleRequest(null, Object(Config\Cache), false)
19 SYSTEMPATH\Boot.php(334): CodeIgniter\CodeIgniter->run()
20 SYSTEMPATH\Boot.php(67): CodeIgniter\Boot::runCodeIgniter(Object(CodeIgniter\CodeIgniter))
21 FCPATH\index.php(56): CodeIgniter\Boot::bootWeb(Object(Config\Paths))
22 SYSTEMPATH\rewrite.php(44): require_once('C:\\xampp\\htdocs\\Lab7Web-main\\lab7_php_ci\\public\\index.php')
CRITICAL - 2025-03-22 09:30:51 --> [Caused by] mysqli_sql_exception: Unknown column 'created_at' in 'order clause'
in SYSTEMPATH\Database\MySQLi\Connection.php on line 327.
 1 SYSTEMPATH\Database\MySQLi\Connection.php(327): mysqli->query('SELECT *
FROM `artikel`
ORDER BY `created_at` DESC
 LIMIT 5', 0)
 2 SYSTEMPATH\Database\BaseConnection.php(738): CodeIgniter\Database\MySQLi\Connection->execute('SELECT *
FROM `artikel`
ORDER BY `created_at` DESC
 LIMIT 5')
 3 SYSTEMPATH\Database\BaseConnection.php(652): CodeIgniter\Database\BaseConnection->simpleQuery('SELECT *
FROM `artikel`
ORDER BY `created_at` DESC
 LIMIT 5')
 4 SYSTEMPATH\Database\BaseBuilder.php(1649): CodeIgniter\Database\BaseConnection->query('SELECT *
FROM `artikel`
ORDER BY `created_at` DESC
 LIMIT 5', [], false)
 5 SYSTEMPATH\Model.php(286): CodeIgniter\Database\BaseBuilder->get()
 6 SYSTEMPATH\BaseModel.php(675): CodeIgniter\Model->doFindAll(0, 0)
 7 APPPATH\Cells\ArtikelTerkini.php(12): CodeIgniter\BaseModel->findAll()
 8 SYSTEMPATH\View\Cell.php(233): App\Cells\ArtikelTerkini->render()
 9 SYSTEMPATH\View\Cell.php(103): CodeIgniter\View\Cell->renderCell(Object(App\Cells\ArtikelTerkini), 'render', [])
10 SYSTEMPATH\Common.php(1189): CodeIgniter\View\Cell->render('App\\Cells\\ArtikelTerkini::render', [], 0, 'AppCellsArtikelTerkinirender40cd750bba9870f18aada2478b24840a')
11 APPPATH\Views\layout\main.php(19): view_cell('App\\Cells\\ArtikelTerkini::render')
12 SYSTEMPATH\View\View.php(224): include('C:\\xampp\\htdocs\\Lab7Web-main\\lab7_php_ci\\app\\Views\\layout\\main.php')
13 SYSTEMPATH\View\View.php(227): CodeIgniter\View\View->CodeIgniter\View\{closure}()
14 SYSTEMPATH\View\View.php(240): CodeIgniter\View\View->render('layout/main', [], true)
15 SYSTEMPATH\Common.php(1173): CodeIgniter\View\View->render('about', [], true)
16 APPPATH\Controllers\Page.php(7): view('about', [...])
17 SYSTEMPATH\CodeIgniter.php(933): App\Controllers\Page->about()
18 SYSTEMPATH\CodeIgniter.php(507): CodeIgniter\CodeIgniter->runController(Object(App\Controllers\Page))
19 SYSTEMPATH\CodeIgniter.php(354): CodeIgniter\CodeIgniter->handleRequest(null, Object(Config\Cache), false)
20 SYSTEMPATH\Boot.php(334): CodeIgniter\CodeIgniter->run()
21 SYSTEMPATH\Boot.php(67): CodeIgniter\Boot::runCodeIgniter(Object(CodeIgniter\CodeIgniter))
22 FCPATH\index.php(56): CodeIgniter\Boot::bootWeb(Object(Config\Paths))
23 SYSTEMPATH\rewrite.php(44): require_once('C:\\xampp\\htdocs\\Lab7Web-main\\lab7_php_ci\\public\\index.php')
ERROR - 2025-03-22 09:31:08 --> mysqli_sql_exception: Unknown column 'created_at' in 'order clause' in C:\xampp\htdocs\Lab7Web-main\lab7_php_ci\system\Database\MySQLi\Connection.php:327
Stack trace:
#0 C:\xampp\htdocs\Lab7Web-main\lab7_php_ci\system\Database\MySQLi\Connection.php(327): mysqli->query('SELECT *\nFROM `...', 0)
#1 C:\xampp\htdocs\Lab7Web-main\lab7_php_ci\system\Database\BaseConnection.php(738): CodeIgniter\Database\MySQLi\Connection->execute('SELECT *\nFROM `...')
#2 C:\xampp\htdocs\Lab7Web-main\lab7_php_ci\system\Database\BaseConnection.php(652): CodeIgniter\Database\BaseConnection->simpleQuery('SELECT *\nFROM `...')
#3 C:\xampp\htdocs\Lab7Web-main\lab7_php_ci\system\Database\BaseBuilder.php(1649): CodeIgniter\Database\BaseConnection->query('SELECT *\nFROM `...', Array, false)
#4 C:\xampp\htdocs\Lab7Web-main\lab7_php_ci\system\Model.php(286): CodeIgniter\Database\BaseBuilder->get()
#5 C:\xampp\htdocs\Lab7Web-main\lab7_php_ci\system\BaseModel.php(675): CodeIgniter\Model->doFindAll(0, 0)
#6 C:\xampp\htdocs\Lab7Web-main\lab7_php_ci\app\Cells\ArtikelTerkini.php(12): CodeIgniter\BaseModel->findAll()
#7 C:\xampp\htdocs\Lab7Web-main\lab7_php_ci\system\View\Cell.php(233): App\Cells\ArtikelTerkini->render()
#8 C:\xampp\htdocs\Lab7Web-main\lab7_php_ci\system\View\Cell.php(103): CodeIgniter\View\Cell->renderCell(Object(App\Cells\ArtikelTerkini), 'render', Array)
#9 C:\xampp\htdocs\Lab7Web-main\lab7_php_ci\system\Common.php(1189): CodeIgniter\View\Cell->render('App\\Cells\\Artik...', Array, 0, 'AppCellsArtikel...')
#10 C:\xampp\htdocs\Lab7Web-main\lab7_php_ci\app\Views\layout\main.php(19): view_cell('App\\Cells\\Artik...')
#11 C:\xampp\htdocs\Lab7Web-main\lab7_php_ci\system\View\View.php(224): include('C:\\xampp\\htdocs...')
#12 C:\xampp\htdocs\Lab7Web-main\lab7_php_ci\system\View\View.php(227): CodeIgniter\View\View->CodeIgniter\View\{closure}()
#13 C:\xampp\htdocs\Lab7Web-main\lab7_php_ci\system\View\View.php(240): CodeIgniter\View\View->render('layout/main', Array, true)
#14 C:\xampp\htdocs\Lab7Web-main\lab7_php_ci\system\Common.php(1173): CodeIgniter\View\View->render('about', Array, true)
#15 C:\xampp\htdocs\Lab7Web-main\lab7_php_ci\app\Controllers\Page.php(7): view('about', Array)
#16 C:\xampp\htdocs\Lab7Web-main\lab7_php_ci\system\CodeIgniter.php(933): App\Controllers\Page->about()
#17 C:\xampp\htdocs\Lab7Web-main\lab7_php_ci\system\CodeIgniter.php(507): CodeIgniter\CodeIgniter->runController(Object(App\Controllers\Page))
#18 C:\xampp\htdocs\Lab7Web-main\lab7_php_ci\system\CodeIgniter.php(354): CodeIgniter\CodeIgniter->handleRequest(NULL, Object(Config\Cache), false)
#19 C:\xampp\htdocs\Lab7Web-main\lab7_php_ci\system\Boot.php(334): CodeIgniter\CodeIgniter->run()
#20 C:\xampp\htdocs\Lab7Web-main\lab7_php_ci\system\Boot.php(67): CodeIgniter\Boot::runCodeIgniter(Object(CodeIgniter\CodeIgniter))
#21 C:\xampp\htdocs\Lab7Web-main\lab7_php_ci\public\index.php(56): CodeIgniter\Boot::bootWeb(Object(Config\Paths))
#22 C:\xampp\htdocs\Lab7Web-main\lab7_php_ci\system\rewrite.php(44): require_once('C:\\xampp\\htdocs...')
#23 {main}
CRITICAL - 2025-03-22 09:31:08 --> CodeIgniter\Database\Exceptions\DatabaseException: Unknown column 'created_at' in 'order clause'
[Method: GET, Route: about]
in SYSTEMPATH\Database\BaseConnection.php on line 692.
 1 SYSTEMPATH\Database\BaseBuilder.php(1649): CodeIgniter\Database\BaseConnection->query('SELECT *
FROM `artikel`
ORDER BY `created_at` DESC
 LIMIT 5', [], false)
 2 SYSTEMPATH\Model.php(286): CodeIgniter\Database\BaseBuilder->get()
 3 SYSTEMPATH\BaseModel.php(675): CodeIgniter\Model->doFindAll(0, 0)
 4 APPPATH\Cells\ArtikelTerkini.php(12): CodeIgniter\BaseModel->findAll()
 5 SYSTEMPATH\View\Cell.php(233): App\Cells\ArtikelTerkini->render()
 6 SYSTEMPATH\View\Cell.php(103): CodeIgniter\View\Cell->renderCell(Object(App\Cells\ArtikelTerkini), 'render', [])
 7 SYSTEMPATH\Common.php(1189): CodeIgniter\View\Cell->render('App\\Cells\\ArtikelTerkini::render', [], 0, 'AppCellsArtikelTerkinirender40cd750bba9870f18aada2478b24840a')
 8 APPPATH\Views\layout\main.php(19): view_cell('App\\Cells\\ArtikelTerkini::render')
 9 SYSTEMPATH\View\View.php(224): include('C:\\xampp\\htdocs\\Lab7Web-main\\lab7_php_ci\\app\\Views\\layout\\main.php')
10 SYSTEMPATH\View\View.php(227): CodeIgniter\View\View->CodeIgniter\View\{closure}()
11 SYSTEMPATH\View\View.php(240): CodeIgniter\View\View->render('layout/main', [], true)
12 SYSTEMPATH\Common.php(1173): CodeIgniter\View\View->render('about', [], true)
13 APPPATH\Controllers\Page.php(7): view('about', [...])
14 SYSTEMPATH\CodeIgniter.php(933): App\Controllers\Page->about()
15 SYSTEMPATH\CodeIgniter.php(507): CodeIgniter\CodeIgniter->runController(Object(App\Controllers\Page))
16 SYSTEMPATH\CodeIgniter.php(354): CodeIgniter\CodeIgniter->handleRequest(null, Object(Config\Cache), false)
17 SYSTEMPATH\Boot.php(334): CodeIgniter\CodeIgniter->run()
18 SYSTEMPATH\Boot.php(67): CodeIgniter\Boot::runCodeIgniter(Object(CodeIgniter\CodeIgniter))
19 FCPATH\index.php(56): CodeIgniter\Boot::bootWeb(Object(Config\Paths))
20 SYSTEMPATH\rewrite.php(44): require_once('C:\\xampp\\htdocs\\Lab7Web-main\\lab7_php_ci\\public\\index.php')
CRITICAL - 2025-03-22 09:31:08 --> [Caused by] CodeIgniter\Database\Exceptions\DatabaseException: Unknown column 'created_at' in 'order clause'
in SYSTEMPATH\Database\MySQLi\Connection.php on line 332.
 1 SYSTEMPATH\Database\BaseConnection.php(738): CodeIgniter\Database\MySQLi\Connection->execute('SELECT *
FROM `artikel`
ORDER BY `created_at` DESC
 LIMIT 5')
 2 SYSTEMPATH\Database\BaseConnection.php(652): CodeIgniter\Database\BaseConnection->simpleQuery('SELECT *
FROM `artikel`
ORDER BY `created_at` DESC
 LIMIT 5')
 3 SYSTEMPATH\Database\BaseBuilder.php(1649): CodeIgniter\Database\BaseConnection->query('SELECT *
FROM `artikel`
ORDER BY `created_at` DESC
 LIMIT 5', [], false)
 4 SYSTEMPATH\Model.php(286): CodeIgniter\Database\BaseBuilder->get()
 5 SYSTEMPATH\BaseModel.php(675): CodeIgniter\Model->doFindAll(0, 0)
 6 APPPATH\Cells\ArtikelTerkini.php(12): CodeIgniter\BaseModel->findAll()
 7 SYSTEMPATH\View\Cell.php(233): App\Cells\ArtikelTerkini->render()
 8 SYSTEMPATH\View\Cell.php(103): CodeIgniter\View\Cell->renderCell(Object(App\Cells\ArtikelTerkini), 'render', [])
 9 SYSTEMPATH\Common.php(1189): CodeIgniter\View\Cell->render('App\\Cells\\ArtikelTerkini::render', [], 0, 'AppCellsArtikelTerkinirender40cd750bba9870f18aada2478b24840a')
10 APPPATH\Views\layout\main.php(19): view_cell('App\\Cells\\ArtikelTerkini::render')
11 SYSTEMPATH\View\View.php(224): include('C:\\xampp\\htdocs\\Lab7Web-main\\lab7_php_ci\\app\\Views\\layout\\main.php')
12 SYSTEMPATH\View\View.php(227): CodeIgniter\View\View->CodeIgniter\View\{closure}()
13 SYSTEMPATH\View\View.php(240): CodeIgniter\View\View->render('layout/main', [], true)
14 SYSTEMPATH\Common.php(1173): CodeIgniter\View\View->render('about', [], true)
15 APPPATH\Controllers\Page.php(7): view('about', [...])
16 SYSTEMPATH\CodeIgniter.php(933): App\Controllers\Page->about()
17 SYSTEMPATH\CodeIgniter.php(507): CodeIgniter\CodeIgniter->runController(Object(App\Controllers\Page))
18 SYSTEMPATH\CodeIgniter.php(354): CodeIgniter\CodeIgniter->handleRequest(null, Object(Config\Cache), false)
19 SYSTEMPATH\Boot.php(334): CodeIgniter\CodeIgniter->run()
20 SYSTEMPATH\Boot.php(67): CodeIgniter\Boot::runCodeIgniter(Object(CodeIgniter\CodeIgniter))
21 FCPATH\index.php(56): CodeIgniter\Boot::bootWeb(Object(Config\Paths))
22 SYSTEMPATH\rewrite.php(44): require_once('C:\\xampp\\htdocs\\Lab7Web-main\\lab7_php_ci\\public\\index.php')
CRITICAL - 2025-03-22 09:31:08 --> [Caused by] mysqli_sql_exception: Unknown column 'created_at' in 'order clause'
in SYSTEMPATH\Database\MySQLi\Connection.php on line 327.
 1 SYSTEMPATH\Database\MySQLi\Connection.php(327): mysqli->query('SELECT *
FROM `artikel`
ORDER BY `created_at` DESC
 LIMIT 5', 0)
 2 SYSTEMPATH\Database\BaseConnection.php(738): CodeIgniter\Database\MySQLi\Connection->execute('SELECT *
FROM `artikel`
ORDER BY `created_at` DESC
 LIMIT 5')
 3 SYSTEMPATH\Database\BaseConnection.php(652): CodeIgniter\Database\BaseConnection->simpleQuery('SELECT *
FROM `artikel`
ORDER BY `created_at` DESC
 LIMIT 5')
 4 SYSTEMPATH\Database\BaseBuilder.php(1649): CodeIgniter\Database\BaseConnection->query('SELECT *
FROM `artikel`
ORDER BY `created_at` DESC
 LIMIT 5', [], false)
 5 SYSTEMPATH\Model.php(286): CodeIgniter\Database\BaseBuilder->get()
 6 SYSTEMPATH\BaseModel.php(675): CodeIgniter\Model->doFindAll(0, 0)
 7 APPPATH\Cells\ArtikelTerkini.php(12): CodeIgniter\BaseModel->findAll()
 8 SYSTEMPATH\View\Cell.php(233): App\Cells\ArtikelTerkini->render()
 9 SYSTEMPATH\View\Cell.php(103): CodeIgniter\View\Cell->renderCell(Object(App\Cells\ArtikelTerkini), 'render', [])
10 SYSTEMPATH\Common.php(1189): CodeIgniter\View\Cell->render('App\\Cells\\ArtikelTerkini::render', [], 0, 'AppCellsArtikelTerkinirender40cd750bba9870f18aada2478b24840a')
11 APPPATH\Views\layout\main.php(19): view_cell('App\\Cells\\ArtikelTerkini::render')
12 SYSTEMPATH\View\View.php(224): include('C:\\xampp\\htdocs\\Lab7Web-main\\lab7_php_ci\\app\\Views\\layout\\main.php')
13 SYSTEMPATH\View\View.php(227): CodeIgniter\View\View->CodeIgniter\View\{closure}()
14 SYSTEMPATH\View\View.php(240): CodeIgniter\View\View->render('layout/main', [], true)
15 SYSTEMPATH\Common.php(1173): CodeIgniter\View\View->render('about', [], true)
16 APPPATH\Controllers\Page.php(7): view('about', [...])
17 SYSTEMPATH\CodeIgniter.php(933): App\Controllers\Page->about()
18 SYSTEMPATH\CodeIgniter.php(507): CodeIgniter\CodeIgniter->runController(Object(App\Controllers\Page))
19 SYSTEMPATH\CodeIgniter.php(354): CodeIgniter\CodeIgniter->handleRequest(null, Object(Config\Cache), false)
20 SYSTEMPATH\Boot.php(334): CodeIgniter\CodeIgniter->run()
21 SYSTEMPATH\Boot.php(67): CodeIgniter\Boot::runCodeIgniter(Object(CodeIgniter\CodeIgniter))
22 FCPATH\index.php(56): CodeIgniter\Boot::bootWeb(Object(Config\Paths))
23 SYSTEMPATH\rewrite.php(44): require_once('C:\\xampp\\htdocs\\Lab7Web-main\\lab7_php_ci\\public\\index.php')
CRITICAL - 2025-03-22 09:34:21 --> ErrorException: Attempt to read property "title" on array
[Method: GET, Route: about]
in APPPATH\Views\components\artikel_terkini.php on line 6.
 1 APPPATH\Views\components\artikel_terkini.php(6): CodeIgniter\Debug\Exceptions->errorHandler(2, 'Attempt to read property "title" on array', 'C:\\xampp\\htdocs\\Lab7Web-main\\lab7_php_ci\\app\\Views\\components\\artikel_terkini.php', 6)
 2 SYSTEMPATH\View\View.php(224): include('C:\\xampp\\htdocs\\Lab7Web-main\\lab7_php_ci\\app\\Views\\components\\artikel_terkini.php')
 3 SYSTEMPATH\View\View.php(227): CodeIgniter\View\View->CodeIgniter\View\{closure}()
 4 SYSTEMPATH\Common.php(1173): CodeIgniter\View\View->render('components/artikel_terkini', [], true)
 5 APPPATH\Cells\ArtikelTerkini.php(13): view('components/artikel_terkini', [...])
 6 SYSTEMPATH\View\Cell.php(233): App\Cells\ArtikelTerkini->render()
 7 SYSTEMPATH\View\Cell.php(103): CodeIgniter\View\Cell->renderCell(Object(App\Cells\ArtikelTerkini), 'render', [])
 8 SYSTEMPATH\Common.php(1189): CodeIgniter\View\Cell->render('App\\Cells\\ArtikelTerkini::render', [], 0, 'AppCellsArtikelTerkinirender40cd750bba9870f18aada2478b24840a')
 9 APPPATH\Views\layout\main.php(19): view_cell('App\\Cells\\ArtikelTerkini::render')
10 SYSTEMPATH\View\View.php(224): include('C:\\xampp\\htdocs\\Lab7Web-main\\lab7_php_ci\\app\\Views\\layout\\main.php')
11 SYSTEMPATH\View\View.php(227): CodeIgniter\View\View->CodeIgniter\View\{closure}()
12 SYSTEMPATH\View\View.php(240): CodeIgniter\View\View->render('layout/main', [], true)
13 SYSTEMPATH\Common.php(1173): CodeIgniter\View\View->render('about', [], true)
14 APPPATH\Controllers\Page.php(7): view('about', [...])
15 SYSTEMPATH\CodeIgniter.php(933): App\Controllers\Page->about()
16 SYSTEMPATH\CodeIgniter.php(507): CodeIgniter\CodeIgniter->runController(Object(App\Controllers\Page))
17 SYSTEMPATH\CodeIgniter.php(354): CodeIgniter\CodeIgniter->handleRequest(null, Object(Config\Cache), false)
18 SYSTEMPATH\Boot.php(334): CodeIgniter\CodeIgniter->run()
19 SYSTEMPATH\Boot.php(67): CodeIgniter\Boot::runCodeIgniter(Object(CodeIgniter\CodeIgniter))
20 FCPATH\index.php(56): CodeIgniter\Boot::bootWeb(Object(Config\Paths))
21 SYSTEMPATH\rewrite.php(44): require_once('C:\\xampp\\htdocs\\Lab7Web-main\\lab7_php_ci\\public\\index.php')
ERROR - 2025-03-22 16:03:42 --> Error connecting to the database: mysqli_sql_exception: No connection could be made because the target machine actively refused it in C:\xampp\htdocs\Lab7Web-main\lab7_php_ci\system\Database\MySQLi\Connection.php:201
Stack trace:
#0 C:\xampp\htdocs\Lab7Web-main\lab7_php_ci\system\Database\MySQLi\Connection.php(201): mysqli->real_connect('localhost', 'root', Object(SensitiveParameterValue), 'lab_ci4', 3306, '', 0)
#1 C:\xampp\htdocs\Lab7Web-main\lab7_php_ci\system\Database\BaseConnection.php(421): CodeIgniter\Database\MySQLi\Connection->connect(false)
#2 C:\xampp\htdocs\Lab7Web-main\lab7_php_ci\system\Database\BaseConnection.php(620): CodeIgniter\Database\BaseConnection->initialize()
#3 C:\xampp\htdocs\Lab7Web-main\lab7_php_ci\system\Database\BaseBuilder.php(1649): CodeIgniter\Database\BaseConnection->query('SELECT *\nFROM `...', Array, false)
#4 C:\xampp\htdocs\Lab7Web-main\lab7_php_ci\system\Model.php(286): CodeIgniter\Database\BaseBuilder->get()
#5 C:\xampp\htdocs\Lab7Web-main\lab7_php_ci\system\BaseModel.php(675): CodeIgniter\Model->doFindAll(0, 0)
#6 C:\xampp\htdocs\Lab7Web-main\lab7_php_ci\app\Cells\ArtikelTerkini.php(12): CodeIgniter\BaseModel->findAll()
#7 C:\xampp\htdocs\Lab7Web-main\lab7_php_ci\system\View\Cell.php(233): App\Cells\ArtikelTerkini->render()
#8 C:\xampp\htdocs\Lab7Web-main\lab7_php_ci\system\View\Cell.php(103): CodeIgniter\View\Cell->renderCell(Object(App\Cells\ArtikelTerkini), 'render', Array)
#9 C:\xampp\htdocs\Lab7Web-main\lab7_php_ci\system\Common.php(1189): CodeIgniter\View\Cell->render('App\\Cells\\Artik...', Array, 0, 'AppCellsArtikel...')
#10 C:\xampp\htdocs\Lab7Web-main\lab7_php_ci\app\Views\layout\main.php(23): view_cell('App\\Cells\\Artik...')
#11 C:\xampp\htdocs\Lab7Web-main\lab7_php_ci\system\View\View.php(224): include('C:\\xampp\\htdocs...')
#12 C:\xampp\htdocs\Lab7Web-main\lab7_php_ci\system\View\View.php(227): CodeIgniter\View\View->CodeIgniter\View\{closure}()
#13 C:\xampp\htdocs\Lab7Web-main\lab7_php_ci\system\View\View.php(240): CodeIgniter\View\View->render('layout/main', Array, true)
#14 C:\xampp\htdocs\Lab7Web-main\lab7_php_ci\system\Common.php(1173): CodeIgniter\View\View->render('about', Array, true)
#15 C:\xampp\htdocs\Lab7Web-main\lab7_php_ci\app\Controllers\Page.php(7): view('about', Array)
#16 C:\xampp\htdocs\Lab7Web-main\lab7_php_ci\system\CodeIgniter.php(933): App\Controllers\Page->about()
#17 C:\xampp\htdocs\Lab7Web-main\lab7_php_ci\system\CodeIgniter.php(507): CodeIgniter\CodeIgniter->runController(Object(App\Controllers\Page))
#18 C:\xampp\htdocs\Lab7Web-main\lab7_php_ci\system\CodeIgniter.php(354): CodeIgniter\CodeIgniter->handleRequest(NULL, Object(Config\Cache), false)
#19 C:\xampp\htdocs\Lab7Web-main\lab7_php_ci\system\Boot.php(334): CodeIgniter\CodeIgniter->run()
#20 C:\xampp\htdocs\Lab7Web-main\lab7_php_ci\system\Boot.php(67): CodeIgniter\Boot::runCodeIgniter(Object(CodeIgniter\CodeIgniter))
#21 C:\xampp\htdocs\Lab7Web-main\lab7_php_ci\public\index.php(56): CodeIgniter\Boot::bootWeb(Object(Config\Paths))
#22 C:\xampp\htdocs\Lab7Web-main\lab7_php_ci\system\rewrite.php(44): require_once('C:\\xampp\\htdocs...')
#23 {main}

Next CodeIgniter\Database\Exceptions\DatabaseException: No connection could be made because the target machine actively refused it in C:\xampp\htdocs\Lab7Web-main\lab7_php_ci\system\Database\MySQLi\Connection.php:246
Stack trace:
#0 C:\xampp\htdocs\Lab7Web-main\lab7_php_ci\system\Database\BaseConnection.php(421): CodeIgniter\Database\MySQLi\Connection->connect(false)
#1 C:\xampp\htdocs\Lab7Web-main\lab7_php_ci\system\Database\BaseConnection.php(620): CodeIgniter\Database\BaseConnection->initialize()
#2 C:\xampp\htdocs\Lab7Web-main\lab7_php_ci\system\Database\BaseBuilder.php(1649): CodeIgniter\Database\BaseConnection->query('SELECT *\nFROM `...', Array, false)
#3 C:\xampp\htdocs\Lab7Web-main\lab7_php_ci\system\Model.php(286): CodeIgniter\Database\BaseBuilder->get()
#4 C:\xampp\htdocs\Lab7Web-main\lab7_php_ci\system\BaseModel.php(675): CodeIgniter\Model->doFindAll(0, 0)
#5 C:\xampp\htdocs\Lab7Web-main\lab7_php_ci\app\Cells\ArtikelTerkini.php(12): CodeIgniter\BaseModel->findAll()
#6 C:\xampp\htdocs\Lab7Web-main\lab7_php_ci\system\View\Cell.php(233): App\Cells\ArtikelTerkini->render()
#7 C:\xampp\htdocs\Lab7Web-main\lab7_php_ci\system\View\Cell.php(103): CodeIgniter\View\Cell->renderCell(Object(App\Cells\ArtikelTerkini), 'render', Array)
#8 C:\xampp\htdocs\Lab7Web-main\lab7_php_ci\system\Common.php(1189): CodeIgniter\View\Cell->render('App\\Cells\\Artik...', Array, 0, 'AppCellsArtikel...')
#9 C:\xampp\htdocs\Lab7Web-main\lab7_php_ci\app\Views\layout\main.php(23): view_cell('App\\Cells\\Artik...')
#10 C:\xampp\htdocs\Lab7Web-main\lab7_php_ci\system\View\View.php(224): include('C:\\xampp\\htdocs...')
#11 C:\xampp\htdocs\Lab7Web-main\lab7_php_ci\system\View\View.php(227): CodeIgniter\View\View->CodeIgniter\View\{closure}()
#12 C:\xampp\htdocs\Lab7Web-main\lab7_php_ci\system\View\View.php(240): CodeIgniter\View\View->render('layout/main', Array, true)
#13 C:\xampp\htdocs\Lab7Web-main\lab7_php_ci\system\Common.php(1173): CodeIgniter\View\View->render('about', Array, true)
#14 C:\xampp\htdocs\Lab7Web-main\lab7_php_ci\app\Controllers\Page.php(7): view('about', Array)
#15 C:\xampp\htdocs\Lab7Web-main\lab7_php_ci\system\CodeIgniter.php(933): App\Controllers\Page->about()
#16 C:\xampp\htdocs\Lab7Web-main\lab7_php_ci\system\CodeIgniter.php(507): CodeIgniter\CodeIgniter->runController(Object(App\Controllers\Page))
#17 C:\xampp\htdocs\Lab7Web-main\lab7_php_ci\system\CodeIgniter.php(354): CodeIgniter\CodeIgniter->handleRequest(NULL, Object(Config\Cache), false)
#18 C:\xampp\htdocs\Lab7Web-main\lab7_php_ci\system\Boot.php(334): CodeIgniter\CodeIgniter->run()
#19 C:\xampp\htdocs\Lab7Web-main\lab7_php_ci\system\Boot.php(67): CodeIgniter\Boot::runCodeIgniter(Object(CodeIgniter\CodeIgniter))
#20 C:\xampp\htdocs\Lab7Web-main\lab7_php_ci\public\index.php(56): CodeIgniter\Boot::bootWeb(Object(Config\Paths))
#21 C:\xampp\htdocs\Lab7Web-main\lab7_php_ci\system\rewrite.php(44): require_once('C:\\xampp\\htdocs...')
#22 {main}
CRITICAL - 2025-03-22 16:03:42 --> CodeIgniter\Database\Exceptions\DatabaseException: Unable to connect to the database.
Main connection [MySQLi]: No connection could be made because the target machine actively refused it
[Method: GET, Route: about]
in SYSTEMPATH\Database\BaseConnection.php on line 467.
 1 SYSTEMPATH\Database\BaseConnection.php(620): CodeIgniter\Database\BaseConnection->initialize()
 2 SYSTEMPATH\Database\BaseBuilder.php(1649): CodeIgniter\Database\BaseConnection->query('SELECT *
FROM `artikel`
ORDER BY `id` DESC
 LIMIT 5', [], false)
 3 SYSTEMPATH\Model.php(286): CodeIgniter\Database\BaseBuilder->get()
 4 SYSTEMPATH\BaseModel.php(675): CodeIgniter\Model->doFindAll(0, 0)
 5 APPPATH\Cells\ArtikelTerkini.php(12): CodeIgniter\BaseModel->findAll()
 6 SYSTEMPATH\View\Cell.php(233): App\Cells\ArtikelTerkini->render()
 7 SYSTEMPATH\View\Cell.php(103): CodeIgniter\View\Cell->renderCell(Object(App\Cells\ArtikelTerkini), 'render', [])
 8 SYSTEMPATH\Common.php(1189): CodeIgniter\View\Cell->render('App\\Cells\\ArtikelTerkini::render', [], 0, 'AppCellsArtikelTerkinirender40cd750bba9870f18aada2478b24840a')
 9 APPPATH\Views\layout\main.php(23): view_cell('App\\Cells\\ArtikelTerkini::render')
10 SYSTEMPATH\View\View.php(224): include('C:\\xampp\\htdocs\\Lab7Web-main\\lab7_php_ci\\app\\Views\\layout\\main.php')
11 SYSTEMPATH\View\View.php(227): CodeIgniter\View\View->CodeIgniter\View\{closure}()
12 SYSTEMPATH\View\View.php(240): CodeIgniter\View\View->render('layout/main', [], true)
13 SYSTEMPATH\Common.php(1173): CodeIgniter\View\View->render('about', [], true)
14 APPPATH\Controllers\Page.php(7): view('about', [...])
15 SYSTEMPATH\CodeIgniter.php(933): App\Controllers\Page->about()
16 SYSTEMPATH\CodeIgniter.php(507): CodeIgniter\CodeIgniter->runController(Object(App\Controllers\Page))
17 SYSTEMPATH\CodeIgniter.php(354): CodeIgniter\CodeIgniter->handleRequest(null, Object(Config\Cache), false)
18 SYSTEMPATH\Boot.php(334): CodeIgniter\CodeIgniter->run()
19 SYSTEMPATH\Boot.php(67): CodeIgniter\Boot::runCodeIgniter(Object(CodeIgniter\CodeIgniter))
20 FCPATH\index.php(56): CodeIgniter\Boot::bootWeb(Object(Config\Paths))
21 SYSTEMPATH\rewrite.php(44): require_once('C:\\xampp\\htdocs\\Lab7Web-main\\lab7_php_ci\\public\\index.php')
