ERROR - 2025-04-26 11:53:13 --> Error connecting to the database: mysqli_sql_exception: No connection could be made because the target machine actively refused it in C:\xampp\htdocs\ci4download\system\Database\MySQLi\Connection.php:201
Stack trace:
#0 C:\xampp\htdocs\ci4download\system\Database\MySQLi\Connection.php(201): mysqli->real_connect('localhost', 'root', Object(SensitiveParameterValue), 'lab_ci4', 3306, '', 0)
#1 C:\xampp\htdocs\ci4download\system\Database\BaseConnection.php(421): CodeIgniter\Database\MySQLi\Connection->connect(false)
#2 C:\xampp\htdocs\ci4download\system\Database\BaseConnection.php(620): CodeIgniter\Database\BaseConnection->initialize()
#3 C:\xampp\htdocs\ci4download\system\Database\BaseBuilder.php(1649): CodeIgniter\Database\BaseConnection->query('SELECT *\nFROM `...', Array, false)
#4 C:\xampp\htdocs\ci4download\system\Model.php(286): CodeIgniter\Database\BaseBuilder->get()
#5 C:\xampp\htdocs\ci4download\system\BaseModel.php(675): CodeIgniter\Model->doFindAll(0, 0)
#6 C:\xampp\htdocs\ci4download\app\Cells\ArtikelTerkini.php(12): CodeIgniter\BaseModel->findAll()
#7 C:\xampp\htdocs\ci4download\system\View\Cell.php(233): App\Cells\ArtikelTerkini->render()
#8 C:\xampp\htdocs\ci4download\system\View\Cell.php(103): CodeIgniter\View\Cell->renderCell(Object(App\Cells\ArtikelTerkini), 'render', Array)
#9 C:\xampp\htdocs\ci4download\system\Common.php(1189): CodeIgniter\View\Cell->render('App\\Cells\\Artik...', Array, 0, 'AppCellsArtikel...')
#10 C:\xampp\htdocs\ci4download\app\Views\layout\main.php(23): view_cell('App\\Cells\\Artik...')
#11 C:\xampp\htdocs\ci4download\system\View\View.php(224): include('C:\\xampp\\htdocs...')
#12 C:\xampp\htdocs\ci4download\system\View\View.php(227): CodeIgniter\View\View->CodeIgniter\View\{closure}()
#13 C:\xampp\htdocs\ci4download\system\View\View.php(240): CodeIgniter\View\View->render('layout/main', Array, true)
#14 C:\xampp\htdocs\ci4download\system\Common.php(1173): CodeIgniter\View\View->render('about', Array, true)
#15 C:\xampp\htdocs\ci4download\app\Controllers\Page.php(7): view('about', Array)
#16 C:\xampp\htdocs\ci4download\system\CodeIgniter.php(933): App\Controllers\Page->about()
#17 C:\xampp\htdocs\ci4download\system\CodeIgniter.php(507): CodeIgniter\CodeIgniter->runController(Object(App\Controllers\Page))
#18 C:\xampp\htdocs\ci4download\system\CodeIgniter.php(354): CodeIgniter\CodeIgniter->handleRequest(NULL, Object(Config\Cache), false)
#19 C:\xampp\htdocs\ci4download\system\Boot.php(334): CodeIgniter\CodeIgniter->run()
#20 C:\xampp\htdocs\ci4download\system\Boot.php(67): CodeIgniter\Boot::runCodeIgniter(Object(CodeIgniter\CodeIgniter))
#21 C:\xampp\htdocs\ci4download\public\index.php(56): CodeIgniter\Boot::bootWeb(Object(Config\Paths))
#22 C:\xampp\htdocs\ci4download\system\rewrite.php(44): require_once('C:\\xampp\\htdocs...')
#23 {main}

Next CodeIgniter\Database\Exceptions\DatabaseException: No connection could be made because the target machine actively refused it in C:\xampp\htdocs\ci4download\system\Database\MySQLi\Connection.php:246
Stack trace:
#0 C:\xampp\htdocs\ci4download\system\Database\BaseConnection.php(421): CodeIgniter\Database\MySQLi\Connection->connect(false)
#1 C:\xampp\htdocs\ci4download\system\Database\BaseConnection.php(620): CodeIgniter\Database\BaseConnection->initialize()
#2 C:\xampp\htdocs\ci4download\system\Database\BaseBuilder.php(1649): CodeIgniter\Database\BaseConnection->query('SELECT *\nFROM `...', Array, false)
#3 C:\xampp\htdocs\ci4download\system\Model.php(286): CodeIgniter\Database\BaseBuilder->get()
#4 C:\xampp\htdocs\ci4download\system\BaseModel.php(675): CodeIgniter\Model->doFindAll(0, 0)
#5 C:\xampp\htdocs\ci4download\app\Cells\ArtikelTerkini.php(12): CodeIgniter\BaseModel->findAll()
#6 C:\xampp\htdocs\ci4download\system\View\Cell.php(233): App\Cells\ArtikelTerkini->render()
#7 C:\xampp\htdocs\ci4download\system\View\Cell.php(103): CodeIgniter\View\Cell->renderCell(Object(App\Cells\ArtikelTerkini), 'render', Array)
#8 C:\xampp\htdocs\ci4download\system\Common.php(1189): CodeIgniter\View\Cell->render('App\\Cells\\Artik...', Array, 0, 'AppCellsArtikel...')
#9 C:\xampp\htdocs\ci4download\app\Views\layout\main.php(23): view_cell('App\\Cells\\Artik...')
#10 C:\xampp\htdocs\ci4download\system\View\View.php(224): include('C:\\xampp\\htdocs...')
#11 C:\xampp\htdocs\ci4download\system\View\View.php(227): CodeIgniter\View\View->CodeIgniter\View\{closure}()
#12 C:\xampp\htdocs\ci4download\system\View\View.php(240): CodeIgniter\View\View->render('layout/main', Array, true)
#13 C:\xampp\htdocs\ci4download\system\Common.php(1173): CodeIgniter\View\View->render('about', Array, true)
#14 C:\xampp\htdocs\ci4download\app\Controllers\Page.php(7): view('about', Array)
#15 C:\xampp\htdocs\ci4download\system\CodeIgniter.php(933): App\Controllers\Page->about()
#16 C:\xampp\htdocs\ci4download\system\CodeIgniter.php(507): CodeIgniter\CodeIgniter->runController(Object(App\Controllers\Page))
#17 C:\xampp\htdocs\ci4download\system\CodeIgniter.php(354): CodeIgniter\CodeIgniter->handleRequest(NULL, Object(Config\Cache), false)
#18 C:\xampp\htdocs\ci4download\system\Boot.php(334): CodeIgniter\CodeIgniter->run()
#19 C:\xampp\htdocs\ci4download\system\Boot.php(67): CodeIgniter\Boot::runCodeIgniter(Object(CodeIgniter\CodeIgniter))
#20 C:\xampp\htdocs\ci4download\public\index.php(56): CodeIgniter\Boot::bootWeb(Object(Config\Paths))
#21 C:\xampp\htdocs\ci4download\system\rewrite.php(44): require_once('C:\\xampp\\htdocs...')
#22 {main}
CRITICAL - 2025-04-26 11:53:13 --> CodeIgniter\Database\Exceptions\DatabaseException: Unable to connect to the database.
Main connection [MySQLi]: No connection could be made because the target machine actively refused it
[Method: GET, Route: about]
in SYSTEMPATH\Database\BaseConnection.php on line 467.
 1 SYSTEMPATH\Database\BaseConnection.php(620): CodeIgniter\Database\BaseConnection->initialize()
 2 SYSTEMPATH\Database\BaseBuilder.php(1649): CodeIgniter\Database\BaseConnection->query('SELECT *
FROM `artikel`
ORDER BY `id` DESC
 LIMIT 5', [], false)
 3 SYSTEMPATH\Model.php(286): CodeIgniter\Database\BaseBuilder->get()
 4 SYSTEMPATH\BaseModel.php(675): CodeIgniter\Model->doFindAll(0, 0)
 5 APPPATH\Cells\ArtikelTerkini.php(12): CodeIgniter\BaseModel->findAll()
 6 SYSTEMPATH\View\Cell.php(233): App\Cells\ArtikelTerkini->render()
 7 SYSTEMPATH\View\Cell.php(103): CodeIgniter\View\Cell->renderCell(Object(App\Cells\ArtikelTerkini), 'render', [])
 8 SYSTEMPATH\Common.php(1189): CodeIgniter\View\Cell->render('App\\Cells\\ArtikelTerkini::render', [], 0, 'AppCellsArtikelTerkinirender40cd750bba9870f18aada2478b24840a')
 9 APPPATH\Views\layout\main.php(23): view_cell('App\\Cells\\ArtikelTerkini::render')
10 SYSTEMPATH\View\View.php(224): include('C:\\xampp\\htdocs\\ci4download\\app\\Views\\layout\\main.php')
11 SYSTEMPATH\View\View.php(227): CodeIgniter\View\View->CodeIgniter\View\{closure}()
12 SYSTEMPATH\View\View.php(240): CodeIgniter\View\View->render('layout/main', [], true)
13 SYSTEMPATH\Common.php(1173): CodeIgniter\View\View->render('about', [], true)
14 APPPATH\Controllers\Page.php(7): view('about', [...])
15 SYSTEMPATH\CodeIgniter.php(933): App\Controllers\Page->about()
16 SYSTEMPATH\CodeIgniter.php(507): CodeIgniter\CodeIgniter->runController(Object(App\Controllers\Page))
17 SYSTEMPATH\CodeIgniter.php(354): CodeIgniter\CodeIgniter->handleRequest(null, Object(Config\Cache), false)
18 SYSTEMPATH\Boot.php(334): CodeIgniter\CodeIgniter->run()
19 SYSTEMPATH\Boot.php(67): CodeIgniter\Boot::runCodeIgniter(Object(CodeIgniter\CodeIgniter))
20 FCPATH\index.php(56): CodeIgniter\Boot::bootWeb(Object(Config\Paths))
21 SYSTEMPATH\rewrite.php(44): require_once('C:\\xampp\\htdocs\\ci4download\\public\\index.php')
DEBUG - 2025-04-26 12:02:02 --> Session: Class initialized using 'CodeIgniter\Session\Handlers\FileHandler' driver.
DEBUG - 2025-04-26 12:02:03 --> Session: Class initialized using 'CodeIgniter\Session\Handlers\FileHandler' driver.
DEBUG - 2025-04-26 12:04:51 --> Session: Class initialized using 'CodeIgniter\Session\Handlers\FileHandler' driver.
DEBUG - 2025-04-26 12:04:51 --> Session: Class initialized using 'CodeIgniter\Session\Handlers\FileHandler' driver.
DEBUG - 2025-04-26 12:05:29 --> Session: Class initialized using 'CodeIgniter\Session\Handlers\FileHandler' driver.
DEBUG - 2025-04-26 12:05:36 --> Session: Class initialized using 'CodeIgniter\Session\Handlers\FileHandler' driver.
DEBUG - 2025-04-26 12:05:42 --> Session: Class initialized using 'CodeIgniter\Session\Handlers\FileHandler' driver.
ERROR - 2025-04-26 12:05:42 --> mysqli_sql_exception: Unknown column 'created_at' in 'field list' in C:\xampp\htdocs\ci4download\system\Database\MySQLi\Connection.php:327
Stack trace:
#0 C:\xampp\htdocs\ci4download\system\Database\MySQLi\Connection.php(327): mysqli->query('INSERT INTO `ar...', 0)
#1 C:\xampp\htdocs\ci4download\system\Database\BaseConnection.php(738): CodeIgniter\Database\MySQLi\Connection->execute('INSERT INTO `ar...')
#2 C:\xampp\htdocs\ci4download\system\Database\BaseConnection.php(652): CodeIgniter\Database\BaseConnection->simpleQuery('INSERT INTO `ar...')
#3 C:\xampp\htdocs\ci4download\system\Database\BaseBuilder.php(2345): CodeIgniter\Database\BaseConnection->query('INSERT INTO `ar...', Array, false)
#4 C:\xampp\htdocs\ci4download\system\Model.php(394): CodeIgniter\Database\BaseBuilder->insert()
#5 C:\xampp\htdocs\ci4download\system\BaseModel.php(839): CodeIgniter\Model->doInsert(Array)
#6 C:\xampp\htdocs\ci4download\system\Model.php(800): CodeIgniter\BaseModel->insert(Array, true)
#7 C:\xampp\htdocs\ci4download\app\Controllers\Artikel.php(61): CodeIgniter\Model->insert(Array)
#8 C:\xampp\htdocs\ci4download\system\CodeIgniter.php(933): App\Controllers\Artikel->add()
#9 C:\xampp\htdocs\ci4download\system\CodeIgniter.php(507): CodeIgniter\CodeIgniter->runController(Object(App\Controllers\Artikel))
#10 C:\xampp\htdocs\ci4download\system\CodeIgniter.php(354): CodeIgniter\CodeIgniter->handleRequest(NULL, Object(Config\Cache), false)
#11 C:\xampp\htdocs\ci4download\system\Boot.php(334): CodeIgniter\CodeIgniter->run()
#12 C:\xampp\htdocs\ci4download\system\Boot.php(67): CodeIgniter\Boot::runCodeIgniter(Object(CodeIgniter\CodeIgniter))
#13 C:\xampp\htdocs\ci4download\public\index.php(56): CodeIgniter\Boot::bootWeb(Object(Config\Paths))
#14 C:\xampp\htdocs\ci4download\system\rewrite.php(44): require_once('C:\\xampp\\htdocs...')
#15 {main}
CRITICAL - 2025-04-26 12:05:42 --> CodeIgniter\Database\Exceptions\DatabaseException: Unknown column 'created_at' in 'field list'
[Method: POST, Route: admin/artikel/add]
in SYSTEMPATH\Database\BaseConnection.php on line 692.
 1 SYSTEMPATH\Database\BaseBuilder.php(2345): CodeIgniter\Database\BaseConnection->query('INSERT INTO `artikel` (`judul`, `isi`, `created_at`, `updated_at`) VALUES (:judul:, :isi:, :created_at:, :updated_at:)', [...], false)
 2 SYSTEMPATH\Model.php(394): CodeIgniter\Database\BaseBuilder->insert()
 3 SYSTEMPATH\BaseModel.php(839): CodeIgniter\Model->doInsert([...])
 4 SYSTEMPATH\Model.php(800): CodeIgniter\BaseModel->insert([...], true)
 5 APPPATH\Controllers\Artikel.php(61): CodeIgniter\Model->insert([...])
 6 SYSTEMPATH\CodeIgniter.php(933): App\Controllers\Artikel->add()
 7 SYSTEMPATH\CodeIgniter.php(507): CodeIgniter\CodeIgniter->runController(Object(App\Controllers\Artikel))
 8 SYSTEMPATH\CodeIgniter.php(354): CodeIgniter\CodeIgniter->handleRequest(null, Object(Config\Cache), false)
 9 SYSTEMPATH\Boot.php(334): CodeIgniter\CodeIgniter->run()
10 SYSTEMPATH\Boot.php(67): CodeIgniter\Boot::runCodeIgniter(Object(CodeIgniter\CodeIgniter))
11 FCPATH\index.php(56): CodeIgniter\Boot::bootWeb(Object(Config\Paths))
12 SYSTEMPATH\rewrite.php(44): require_once('C:\\xampp\\htdocs\\ci4download\\public\\index.php')
CRITICAL - 2025-04-26 12:05:42 --> [Caused by] CodeIgniter\Database\Exceptions\DatabaseException: Unknown column 'created_at' in 'field list'
in SYSTEMPATH\Database\MySQLi\Connection.php on line 332.
 1 SYSTEMPATH\Database\BaseConnection.php(738): CodeIgniter\Database\MySQLi\Connection->execute('INSERT INTO `artikel` (`judul`, `isi`, `created_at`, `updated_at`) VALUES (\'asdadsasdad\', \'asdasdqweqadasdeas\', \'2025-04-26 12:05:42\', \'2025-04-26 12:05:42\')')
 2 SYSTEMPATH\Database\BaseConnection.php(652): CodeIgniter\Database\BaseConnection->simpleQuery('INSERT INTO `artikel` (`judul`, `isi`, `created_at`, `updated_at`) VALUES (\'asdadsasdad\', \'asdasdqweqadasdeas\', \'2025-04-26 12:05:42\', \'2025-04-26 12:05:42\')')
 3 SYSTEMPATH\Database\BaseBuilder.php(2345): CodeIgniter\Database\BaseConnection->query('INSERT INTO `artikel` (`judul`, `isi`, `created_at`, `updated_at`) VALUES (:judul:, :isi:, :created_at:, :updated_at:)', [...], false)
 4 SYSTEMPATH\Model.php(394): CodeIgniter\Database\BaseBuilder->insert()
 5 SYSTEMPATH\BaseModel.php(839): CodeIgniter\Model->doInsert([...])
 6 SYSTEMPATH\Model.php(800): CodeIgniter\BaseModel->insert([...], true)
 7 APPPATH\Controllers\Artikel.php(61): CodeIgniter\Model->insert([...])
 8 SYSTEMPATH\CodeIgniter.php(933): App\Controllers\Artikel->add()
 9 SYSTEMPATH\CodeIgniter.php(507): CodeIgniter\CodeIgniter->runController(Object(App\Controllers\Artikel))
10 SYSTEMPATH\CodeIgniter.php(354): CodeIgniter\CodeIgniter->handleRequest(null, Object(Config\Cache), false)
11 SYSTEMPATH\Boot.php(334): CodeIgniter\CodeIgniter->run()
12 SYSTEMPATH\Boot.php(67): CodeIgniter\Boot::runCodeIgniter(Object(CodeIgniter\CodeIgniter))
13 FCPATH\index.php(56): CodeIgniter\Boot::bootWeb(Object(Config\Paths))
14 SYSTEMPATH\rewrite.php(44): require_once('C:\\xampp\\htdocs\\ci4download\\public\\index.php')
CRITICAL - 2025-04-26 12:05:42 --> [Caused by] mysqli_sql_exception: Unknown column 'created_at' in 'field list'
in SYSTEMPATH\Database\MySQLi\Connection.php on line 327.
 1 SYSTEMPATH\Database\MySQLi\Connection.php(327): mysqli->query('INSERT INTO `artikel` (`judul`, `isi`, `created_at`, `updated_at`) VALUES (\'asdadsasdad\', \'asdasdqweqadasdeas\', \'2025-04-26 12:05:42\', \'2025-04-26 12:05:42\')', 0)
 2 SYSTEMPATH\Database\BaseConnection.php(738): CodeIgniter\Database\MySQLi\Connection->execute('INSERT INTO `artikel` (`judul`, `isi`, `created_at`, `updated_at`) VALUES (\'asdadsasdad\', \'asdasdqweqadasdeas\', \'2025-04-26 12:05:42\', \'2025-04-26 12:05:42\')')
 3 SYSTEMPATH\Database\BaseConnection.php(652): CodeIgniter\Database\BaseConnection->simpleQuery('INSERT INTO `artikel` (`judul`, `isi`, `created_at`, `updated_at`) VALUES (\'asdadsasdad\', \'asdasdqweqadasdeas\', \'2025-04-26 12:05:42\', \'2025-04-26 12:05:42\')')
 4 SYSTEMPATH\Database\BaseBuilder.php(2345): CodeIgniter\Database\BaseConnection->query('INSERT INTO `artikel` (`judul`, `isi`, `created_at`, `updated_at`) VALUES (:judul:, :isi:, :created_at:, :updated_at:)', [...], false)
 5 SYSTEMPATH\Model.php(394): CodeIgniter\Database\BaseBuilder->insert()
 6 SYSTEMPATH\BaseModel.php(839): CodeIgniter\Model->doInsert([...])
 7 SYSTEMPATH\Model.php(800): CodeIgniter\BaseModel->insert([...], true)
 8 APPPATH\Controllers\Artikel.php(61): CodeIgniter\Model->insert([...])
 9 SYSTEMPATH\CodeIgniter.php(933): App\Controllers\Artikel->add()
10 SYSTEMPATH\CodeIgniter.php(507): CodeIgniter\CodeIgniter->runController(Object(App\Controllers\Artikel))
11 SYSTEMPATH\CodeIgniter.php(354): CodeIgniter\CodeIgniter->handleRequest(null, Object(Config\Cache), false)
12 SYSTEMPATH\Boot.php(334): CodeIgniter\CodeIgniter->run()
13 SYSTEMPATH\Boot.php(67): CodeIgniter\Boot::runCodeIgniter(Object(CodeIgniter\CodeIgniter))
14 FCPATH\index.php(56): CodeIgniter\Boot::bootWeb(Object(Config\Paths))
15 SYSTEMPATH\rewrite.php(44): require_once('C:\\xampp\\htdocs\\ci4download\\public\\index.php')
DEBUG - 2025-04-26 12:06:01 --> Session: Class initialized using 'CodeIgniter\Session\Handlers\FileHandler' driver.
DEBUG - 2025-04-26 12:06:03 --> Session: Class initialized using 'CodeIgniter\Session\Handlers\FileHandler' driver.
ERROR - 2025-04-26 12:06:03 --> mysqli_sql_exception: Unknown column 'created_at' in 'field list' in C:\xampp\htdocs\ci4download\system\Database\MySQLi\Connection.php:327
Stack trace:
#0 C:\xampp\htdocs\ci4download\system\Database\MySQLi\Connection.php(327): mysqli->query('INSERT INTO `ar...', 0)
#1 C:\xampp\htdocs\ci4download\system\Database\BaseConnection.php(738): CodeIgniter\Database\MySQLi\Connection->execute('INSERT INTO `ar...')
#2 C:\xampp\htdocs\ci4download\system\Database\BaseConnection.php(652): CodeIgniter\Database\BaseConnection->simpleQuery('INSERT INTO `ar...')
#3 C:\xampp\htdocs\ci4download\system\Database\BaseBuilder.php(2345): CodeIgniter\Database\BaseConnection->query('INSERT INTO `ar...', Array, false)
#4 C:\xampp\htdocs\ci4download\system\Model.php(394): CodeIgniter\Database\BaseBuilder->insert()
#5 C:\xampp\htdocs\ci4download\system\BaseModel.php(839): CodeIgniter\Model->doInsert(Array)
#6 C:\xampp\htdocs\ci4download\system\Model.php(800): CodeIgniter\BaseModel->insert(Array, true)
#7 C:\xampp\htdocs\ci4download\app\Controllers\Artikel.php(61): CodeIgniter\Model->insert(Array)
#8 C:\xampp\htdocs\ci4download\system\CodeIgniter.php(933): App\Controllers\Artikel->add()
#9 C:\xampp\htdocs\ci4download\system\CodeIgniter.php(507): CodeIgniter\CodeIgniter->runController(Object(App\Controllers\Artikel))
#10 C:\xampp\htdocs\ci4download\system\CodeIgniter.php(354): CodeIgniter\CodeIgniter->handleRequest(NULL, Object(Config\Cache), false)
#11 C:\xampp\htdocs\ci4download\system\Boot.php(334): CodeIgniter\CodeIgniter->run()
#12 C:\xampp\htdocs\ci4download\system\Boot.php(67): CodeIgniter\Boot::runCodeIgniter(Object(CodeIgniter\CodeIgniter))
#13 C:\xampp\htdocs\ci4download\public\index.php(56): CodeIgniter\Boot::bootWeb(Object(Config\Paths))
#14 C:\xampp\htdocs\ci4download\system\rewrite.php(44): require_once('C:\\xampp\\htdocs...')
#15 {main}
CRITICAL - 2025-04-26 12:06:03 --> CodeIgniter\Database\Exceptions\DatabaseException: Unknown column 'created_at' in 'field list'
[Method: POST, Route: admin/artikel/add]
in SYSTEMPATH\Database\BaseConnection.php on line 692.
 1 SYSTEMPATH\Database\BaseBuilder.php(2345): CodeIgniter\Database\BaseConnection->query('INSERT INTO `artikel` (`judul`, `isi`, `created_at`, `updated_at`) VALUES (:judul:, :isi:, :created_at:, :updated_at:)', [...], false)
 2 SYSTEMPATH\Model.php(394): CodeIgniter\Database\BaseBuilder->insert()
 3 SYSTEMPATH\BaseModel.php(839): CodeIgniter\Model->doInsert([...])
 4 SYSTEMPATH\Model.php(800): CodeIgniter\BaseModel->insert([...], true)
 5 APPPATH\Controllers\Artikel.php(61): CodeIgniter\Model->insert([...])
 6 SYSTEMPATH\CodeIgniter.php(933): App\Controllers\Artikel->add()
 7 SYSTEMPATH\CodeIgniter.php(507): CodeIgniter\CodeIgniter->runController(Object(App\Controllers\Artikel))
 8 SYSTEMPATH\CodeIgniter.php(354): CodeIgniter\CodeIgniter->handleRequest(null, Object(Config\Cache), false)
 9 SYSTEMPATH\Boot.php(334): CodeIgniter\CodeIgniter->run()
10 SYSTEMPATH\Boot.php(67): CodeIgniter\Boot::runCodeIgniter(Object(CodeIgniter\CodeIgniter))
11 FCPATH\index.php(56): CodeIgniter\Boot::bootWeb(Object(Config\Paths))
12 SYSTEMPATH\rewrite.php(44): require_once('C:\\xampp\\htdocs\\ci4download\\public\\index.php')
CRITICAL - 2025-04-26 12:06:03 --> [Caused by] CodeIgniter\Database\Exceptions\DatabaseException: Unknown column 'created_at' in 'field list'
in SYSTEMPATH\Database\MySQLi\Connection.php on line 332.
 1 SYSTEMPATH\Database\BaseConnection.php(738): CodeIgniter\Database\MySQLi\Connection->execute('INSERT INTO `artikel` (`judul`, `isi`, `created_at`, `updated_at`) VALUES (\'asdadsasdad\', \'asdasdqweqadasdeas\', \'2025-04-26 12:06:03\', \'2025-04-26 12:06:03\')')
 2 SYSTEMPATH\Database\BaseConnection.php(652): CodeIgniter\Database\BaseConnection->simpleQuery('INSERT INTO `artikel` (`judul`, `isi`, `created_at`, `updated_at`) VALUES (\'asdadsasdad\', \'asdasdqweqadasdeas\', \'2025-04-26 12:06:03\', \'2025-04-26 12:06:03\')')
 3 SYSTEMPATH\Database\BaseBuilder.php(2345): CodeIgniter\Database\BaseConnection->query('INSERT INTO `artikel` (`judul`, `isi`, `created_at`, `updated_at`) VALUES (:judul:, :isi:, :created_at:, :updated_at:)', [...], false)
 4 SYSTEMPATH\Model.php(394): CodeIgniter\Database\BaseBuilder->insert()
 5 SYSTEMPATH\BaseModel.php(839): CodeIgniter\Model->doInsert([...])
 6 SYSTEMPATH\Model.php(800): CodeIgniter\BaseModel->insert([...], true)
 7 APPPATH\Controllers\Artikel.php(61): CodeIgniter\Model->insert([...])
 8 SYSTEMPATH\CodeIgniter.php(933): App\Controllers\Artikel->add()
 9 SYSTEMPATH\CodeIgniter.php(507): CodeIgniter\CodeIgniter->runController(Object(App\Controllers\Artikel))
10 SYSTEMPATH\CodeIgniter.php(354): CodeIgniter\CodeIgniter->handleRequest(null, Object(Config\Cache), false)
11 SYSTEMPATH\Boot.php(334): CodeIgniter\CodeIgniter->run()
12 SYSTEMPATH\Boot.php(67): CodeIgniter\Boot::runCodeIgniter(Object(CodeIgniter\CodeIgniter))
13 FCPATH\index.php(56): CodeIgniter\Boot::bootWeb(Object(Config\Paths))
14 SYSTEMPATH\rewrite.php(44): require_once('C:\\xampp\\htdocs\\ci4download\\public\\index.php')
CRITICAL - 2025-04-26 12:06:03 --> [Caused by] mysqli_sql_exception: Unknown column 'created_at' in 'field list'
in SYSTEMPATH\Database\MySQLi\Connection.php on line 327.
 1 SYSTEMPATH\Database\MySQLi\Connection.php(327): mysqli->query('INSERT INTO `artikel` (`judul`, `isi`, `created_at`, `updated_at`) VALUES (\'asdadsasdad\', \'asdasdqweqadasdeas\', \'2025-04-26 12:06:03\', \'2025-04-26 12:06:03\')', 0)
 2 SYSTEMPATH\Database\BaseConnection.php(738): CodeIgniter\Database\MySQLi\Connection->execute('INSERT INTO `artikel` (`judul`, `isi`, `created_at`, `updated_at`) VALUES (\'asdadsasdad\', \'asdasdqweqadasdeas\', \'2025-04-26 12:06:03\', \'2025-04-26 12:06:03\')')
 3 SYSTEMPATH\Database\BaseConnection.php(652): CodeIgniter\Database\BaseConnection->simpleQuery('INSERT INTO `artikel` (`judul`, `isi`, `created_at`, `updated_at`) VALUES (\'asdadsasdad\', \'asdasdqweqadasdeas\', \'2025-04-26 12:06:03\', \'2025-04-26 12:06:03\')')
 4 SYSTEMPATH\Database\BaseBuilder.php(2345): CodeIgniter\Database\BaseConnection->query('INSERT INTO `artikel` (`judul`, `isi`, `created_at`, `updated_at`) VALUES (:judul:, :isi:, :created_at:, :updated_at:)', [...], false)
 5 SYSTEMPATH\Model.php(394): CodeIgniter\Database\BaseBuilder->insert()
 6 SYSTEMPATH\BaseModel.php(839): CodeIgniter\Model->doInsert([...])
 7 SYSTEMPATH\Model.php(800): CodeIgniter\BaseModel->insert([...], true)
 8 APPPATH\Controllers\Artikel.php(61): CodeIgniter\Model->insert([...])
 9 SYSTEMPATH\CodeIgniter.php(933): App\Controllers\Artikel->add()
10 SYSTEMPATH\CodeIgniter.php(507): CodeIgniter\CodeIgniter->runController(Object(App\Controllers\Artikel))
11 SYSTEMPATH\CodeIgniter.php(354): CodeIgniter\CodeIgniter->handleRequest(null, Object(Config\Cache), false)
12 SYSTEMPATH\Boot.php(334): CodeIgniter\CodeIgniter->run()
13 SYSTEMPATH\Boot.php(67): CodeIgniter\Boot::runCodeIgniter(Object(CodeIgniter\CodeIgniter))
14 FCPATH\index.php(56): CodeIgniter\Boot::bootWeb(Object(Config\Paths))
15 SYSTEMPATH\rewrite.php(44): require_once('C:\\xampp\\htdocs\\ci4download\\public\\index.php')
DEBUG - 2025-04-26 12:13:41 --> Session: Class initialized using 'CodeIgniter\Session\Handlers\FileHandler' driver.
DEBUG - 2025-04-26 12:13:43 --> Session: Class initialized using 'CodeIgniter\Session\Handlers\FileHandler' driver.
DEBUG - 2025-04-26 12:13:44 --> Session: Class initialized using 'CodeIgniter\Session\Handlers\FileHandler' driver.
DEBUG - 2025-04-26 12:13:49 --> Session: Class initialized using 'CodeIgniter\Session\Handlers\FileHandler' driver.
DEBUG - 2025-04-26 12:13:54 --> Session: Class initialized using 'CodeIgniter\Session\Handlers\FileHandler' driver.
DEBUG - 2025-04-26 12:13:54 --> Session: Class initialized using 'CodeIgniter\Session\Handlers\FileHandler' driver.
DEBUG - 2025-04-26 12:14:10 --> Session: Class initialized using 'CodeIgniter\Session\Handlers\FileHandler' driver.
DEBUG - 2025-04-26 12:14:13 --> Session: Class initialized using 'CodeIgniter\Session\Handlers\FileHandler' driver.
DEBUG - 2025-04-26 12:20:42 --> Session: Class initialized using 'CodeIgniter\Session\Handlers\FileHandler' driver.
DEBUG - 2025-04-26 12:20:44 --> Session: Class initialized using 'CodeIgniter\Session\Handlers\FileHandler' driver.
DEBUG - 2025-04-26 12:20:45 --> Session: Class initialized using 'CodeIgniter\Session\Handlers\FileHandler' driver.
DEBUG - 2025-04-26 12:20:47 --> Session: Class initialized using 'CodeIgniter\Session\Handlers\FileHandler' driver.
DEBUG - 2025-04-26 12:20:57 --> Session: Class initialized using 'CodeIgniter\Session\Handlers\FileHandler' driver.
DEBUG - 2025-04-26 12:21:03 --> Session: Class initialized using 'CodeIgniter\Session\Handlers\FileHandler' driver.
DEBUG - 2025-04-26 12:21:43 --> Session: Class initialized using 'CodeIgniter\Session\Handlers\FileHandler' driver.
DEBUG - 2025-04-26 12:22:55 --> Session: Class initialized using 'CodeIgniter\Session\Handlers\FileHandler' driver.
DEBUG - 2025-04-26 12:22:57 --> Session: Class initialized using 'CodeIgniter\Session\Handlers\FileHandler' driver.
DEBUG - 2025-04-26 12:22:59 --> Session: Class initialized using 'CodeIgniter\Session\Handlers\FileHandler' driver.
DEBUG - 2025-04-26 12:29:00 --> Session: Class initialized using 'CodeIgniter\Session\Handlers\FileHandler' driver.
DEBUG - 2025-04-26 12:29:09 --> Session: Class initialized using 'CodeIgniter\Session\Handlers\FileHandler' driver.
DEBUG - 2025-04-26 12:32:16 --> Session: Class initialized using 'CodeIgniter\Session\Handlers\FileHandler' driver.
DEBUG - 2025-04-26 12:32:21 --> Session: Class initialized using 'CodeIgniter\Session\Handlers\FileHandler' driver.
DEBUG - 2025-04-26 12:32:24 --> Session: Class initialized using 'CodeIgniter\Session\Handlers\FileHandler' driver.
DEBUG - 2025-04-26 12:32:29 --> Session: Class initialized using 'CodeIgniter\Session\Handlers\FileHandler' driver.
DEBUG - 2025-04-26 12:37:59 --> Session: Class initialized using 'CodeIgniter\Session\Handlers\FileHandler' driver.
DEBUG - 2025-04-26 12:38:00 --> Session: Class initialized using 'CodeIgniter\Session\Handlers\FileHandler' driver.
DEBUG - 2025-04-26 12:38:04 --> Session: Class initialized using 'CodeIgniter\Session\Handlers\FileHandler' driver.
DEBUG - 2025-04-26 12:38:13 --> Session: Class initialized using 'CodeIgniter\Session\Handlers\FileHandler' driver.
DEBUG - 2025-04-26 12:44:51 --> Session: Class initialized using 'CodeIgniter\Session\Handlers\FileHandler' driver.
DEBUG - 2025-04-26 12:44:53 --> Session: Class initialized using 'CodeIgniter\Session\Handlers\FileHandler' driver.
DEBUG - 2025-04-26 12:45:25 --> Session: Class initialized using 'CodeIgniter\Session\Handlers\FileHandler' driver.
DEBUG - 2025-04-26 12:45:25 --> Session: Class initialized using 'CodeIgniter\Session\Handlers\FileHandler' driver.
DEBUG - 2025-04-26 12:45:30 --> Session: Class initialized using 'CodeIgniter\Session\Handlers\FileHandler' driver.
DEBUG - 2025-04-26 12:50:03 --> Session: Class initialized using 'CodeIgniter\Session\Handlers\FileHandler' driver.
DEBUG - 2025-04-26 12:50:07 --> Session: Class initialized using 'CodeIgniter\Session\Handlers\FileHandler' driver.
